<?xml version="1.0" encoding="UTF-8"?>
<testsuite xmlns:xsi="http://www.w3.org/2001/XMLSchema-instance" xsi:noNamespaceSchemaLocation="https://maven.apache.org/surefire/maven-surefire-plugin/xsd/surefire-test-report.xsd" name="com.liaoin.liaoincqz.LiaoinCqzApplicationTests" time="2.585" tests="1" errors="1" skipped="0" failures="0">
  <properties>
[...]
</properties>
  <testcase name="contextLoads" classname="com.liaoin.liaoincqz.LiaoinCqzApplicationTests" time="0.001">
    <error message="Failed to load ApplicationContext" type="java.lang.IllegalStateException">java.lang.IllegalStateException: Failed to load ApplicationContext
Caused by: org.springframework.beans.factory.UnsatisfiedDependencyException: Error creating bean with name 'cartController': Unsatisfied dependency expressed through field 'cartService'; nested exception is org.springframework.beans.factory.UnsatisfiedDependencyException: Error creating bean with name 'cartServiceImpl': Unsatisfied dependency expressed through field 'cookie'; nested exception is org.springframework.beans.factory.NoSuchBeanDefinitionException: No qualifying bean of type 'org.springframework.http.HttpCookie' available: expected at least 1 bean which qualifies as autowire candidate. Dependency annotations: {@org.springframework.beans.factory.annotation.Autowired(required=true)}
Caused by: org.springframework.beans.factory.UnsatisfiedDependencyException: Error creating bean with name 'cartServiceImpl': Unsatisfied dependency expressed through field 'cookie'; nested exception is org.springframework.beans.factory.NoSuchBeanDefinitionException: No qualifying bean of type 'org.springframework.http.HttpCookie' available: expected at least 1 bean which qualifies as autowire candidate. Dependency annotations: {@org.springframework.beans.factory.annotation.Autowired(required=true)}
Caused by: org.springframework.beans.factory.NoSuchBeanDefinitionException: No qualifying bean of type 'org.springframework.http.HttpCookie' available: expected at least 1 bean which qualifies as autowire candidate. Dependency annotations: {@org.springframework.beans.factory.annotation.Autowired(required=true)}
</error>
    <system-out><![CDATA[11:21:44.744 [main] DEBUG org.springframework.test.context.junit4.SpringJUnit4ClassRunner - SpringJUnit4ClassRunner constructor called with [class com.liaoin.liaoincqz.LiaoinCqzApplicationTests]
11:21:44.749 [main] DEBUG org.springframework.test.context.BootstrapUtils - Instantiating CacheAwareContextLoaderDelegate from class [org.springframework.test.context.cache.DefaultCacheAwareContextLoaderDelegate]
11:21:44.758 [main] DEBUG org.springframework.test.context.BootstrapUtils - Instantiating BootstrapContext using constructor [public org.springframework.test.context.support.DefaultBootstrapContext(java.lang.Class,org.springframework.test.context.CacheAwareContextLoaderDelegate)]
11:21:44.775 [main] DEBUG org.springframework.test.context.BootstrapUtils - Instantiating TestContextBootstrapper for test class [com.liaoin.liaoincqz.LiaoinCqzApplicationTests] from class [org.springframework.boot.test.context.SpringBootTestContextBootstrapper]
11:21:44.789 [main] INFO org.springframework.boot.test.context.SpringBootTestContextBootstrapper - Neither @ContextConfiguration nor @ContextHierarchy found for test class [com.liaoin.liaoincqz.LiaoinCqzApplicationTests], using SpringBootContextLoader
11:21:44.793 [main] DEBUG org.springframework.test.context.support.AbstractContextLoader - Did not detect default resource location for test class [com.liaoin.liaoincqz.LiaoinCqzApplicationTests]: class path resource [com/liaoin/liaoincqz/LiaoinCqzApplicationTests-context.xml] does not exist
11:21:44.794 [main] DEBUG org.springframework.test.context.support.AbstractContextLoader - Did not detect default resource location for test class [com.liaoin.liaoincqz.LiaoinCqzApplicationTests]: class path resource [com/liaoin/liaoincqz/LiaoinCqzApplicationTestsContext.groovy] does not exist
11:21:44.794 [main] INFO org.springframework.test.context.support.AbstractContextLoader - Could not detect default resource locations for test class [com.liaoin.liaoincqz.LiaoinCqzApplicationTests]: no resource found for suffixes {-context.xml, Context.groovy}.
11:21:44.795 [main] INFO org.springframework.test.context.support.AnnotationConfigContextLoaderUtils - Could not detect default configuration classes for test class [com.liaoin.liaoincqz.LiaoinCqzApplicationTests]: LiaoinCqzApplicationTests does not declare any static, non-private, non-final, nested classes annotated with @Configuration.
11:21:44.832 [main] DEBUG org.springframework.test.context.support.ActiveProfilesUtils - Could not find an 'annotation declaring class' for annotation type [org.springframework.test.context.ActiveProfiles] and class [com.liaoin.liaoincqz.LiaoinCqzApplicationTests]
11:21:44.839 [main] DEBUG org.springframework.core.env.StandardEnvironment - Adding PropertySource 'systemProperties' with lowest search precedence
11:21:44.839 [main] DEBUG org.springframework.core.env.StandardEnvironment - Adding PropertySource 'systemEnvironment' with lowest search precedence
11:21:44.840 [main] DEBUG org.springframework.core.env.StandardEnvironment - Initialized StandardEnvironment with PropertySources [MapPropertySource@1027007693 {name='systemProperties', properties={idea.version=2017.3.5, java.runtime.name=Java(TM) SE Runtime Environment, sun.boot.library.path=C:\Program Files\Java\jdk1.8.0_111\jre\bin, java.vm.version=25.111-b14, java.vm.vendor=Oracle Corporation, java.vendor.url=http://java.oracle.com/, path.separator=;, java.vm.name=Java HotSpot(TM) 64-Bit Server VM, file.encoding.pkg=sun.io, user.country=CN, user.script=, sun.java.launcher=SUN_STANDARD, sun.os.patch.level=, java.vm.specification.name=Java Virtual Machine Specification, user.dir=E:\Rdea\liaoin-cqzs, java.runtime.version=1.8.0_111-b14, basedir=E:\Rdea\liaoin-cqzs, java.awt.graphicsenv=sun.awt.Win32GraphicsEnvironment, java.endorsed.dirs=C:\Program Files\Java\jdk1.8.0_111\jre\lib\endorsed, os.arch=amd64, surefire.real.class.path=C:\Users\保继泽\AppData\Local\Temp\surefire854614094096431117\surefirebooter8097754441387123262.jar, java.io.tmpdir=C:\Users\保继泽\AppData\Local\Temp\, line.separator=
, java.vm.specification.vendor=Oracle Corporation, user.variant=, os.name=Windows 10, sun.jnu.encoding=GBK, java.library.path=C:\Program Files\Java\jdk1.8.0_111\jre\bin;C:\WINDOWS\Sun\Java\bin;C:\WINDOWS\system32;C:\WINDOWS;C:\ProgramData\Oracle\Java\javapath;C:\Program Files (x86)\Intel\iCLS Client\;C:\Program Files\Intel\iCLS Client\;C:\Windows\system32;C:\Windows;C:\Windows\System32\Wbem;C:\Windows\System32\WindowsPowerShell\v1.0\;C:\Program Files (x86)\NVIDIA Corporation\PhysX\Common;C:\Program Files (x86)\Intel\Intel(R) Management Engine Components\DAL;C:\Program Files\Intel\Intel(R) Management Engine Components\DAL;C:\Program Files (x86)\Intel\Intel(R) Management Engine Components\IPT;C:\Program Files\Intel\Intel(R) Management Engine Components\IPT;C:\Program Files\Intel\WiFi\bin\;C:\Program Files\Common Files\Intel\WirelessCommon\;C:\WINDOWS\system32;C:\WINDOWS;C:\WINDOWS\System32\Wbem;C:\WINDOWS\System32\WindowsPowerShell\v1.0\;C:\Program Files (x86)\MySQL\MySQL Fabric 1.5 & MySQL Utilities 1.5\;C:\Program Files (x86)\MySQL\MySQL Fabric 1.5 & MySQL Utilities 1.5\Doctrine extensions for PHP\;C:\Program Files\Java\jdk1.8.0_111\bin;C:\Program Files\Java\jdk1.8.0_111\jre\bin;C:\Program Files\Java\jre1.8.0_111;E:\apache-tomcat-9.0.6\bin;E:\git\Git\cmd;E:\Maven\apache-maven-3.5.3\bin;C:\Program Files\TortoiseSVN\bin;E:\RabbitMQ\RabbitMQ\bin;;C:\WINDOWS\System32\OpenSSH\;C:\Users\保继泽\AppData\Local\Microsoft\WindowsApps;;., surefire.test.class.path=E:\Rdea\liaoin-cqzs\target\test-classes;E:\Rdea\liaoin-cqzs\target\classes;E:\Maven\maven-jar\org\springframework\boot\spring-boot-starter\2.0.3.RELEASE\spring-boot-starter-2.0.3.RELEASE.jar;E:\Maven\maven-jar\org\springframework\boot\spring-boot\2.0.3.RELEASE\spring-boot-2.0.3.RELEASE.jar;E:\Maven\maven-jar\org\springframework\spring-context\5.0.7.RELEASE\spring-context-5.0.7.RELEASE.jar;E:\Maven\maven-jar\org\springframework\boot\spring-boot-autoconfigure\2.0.3.RELEASE\spring-boot-autoconfigure-2.0.3.RELEASE.jar;E:\Maven\maven-jar\org\springframework\boot\spring-boot-starter-logging\2.0.3.RELEASE\spring-boot-starter-logging-2.0.3.RELEASE.jar;E:\Maven\maven-jar\ch\qos\logback\logback-classic\1.2.3\logback-classic-1.2.3.jar;E:\Maven\maven-jar\ch\qos\logback\logback-core\1.2.3\logback-core-1.2.3.jar;E:\Maven\maven-jar\org\apache\logging\log4j\log4j-to-slf4j\2.10.0\log4j-to-slf4j-2.10.0.jar;E:\Maven\maven-jar\org\apache\logging\log4j\log4j-api\2.10.0\log4j-api-2.10.0.jar;E:\Maven\maven-jar\org\slf4j\jul-to-slf4j\1.7.25\jul-to-slf4j-1.7.25.jar;E:\Maven\maven-jar\javax\annotation\javax.annotation-api\1.3.2\javax.annotation-api-1.3.2.jar;E:\Maven\maven-jar\org\springframework\spring-core\5.0.7.RELEASE\spring-core-5.0.7.RELEASE.jar;E:\Maven\maven-jar\org\springframework\spring-jcl\5.0.7.RELEASE\spring-jcl-5.0.7.RELEASE.jar;E:\Maven\maven-jar\org\yaml\snakeyaml\1.19\snakeyaml-1.19.jar;E:\Maven\maven-jar\org\springframework\boot\spring-boot-starter-web\2.0.3.RELEASE\spring-boot-starter-web-2.0.3.RELEASE.jar;E:\Maven\maven-jar\org\springframework\boot\spring-boot-starter-json\2.0.3.RELEASE\spring-boot-starter-json-2.0.3.RELEASE.jar;E:\Maven\maven-jar\com\fasterxml\jackson\datatype\jackson-datatype-jdk8\2.9.6\jackson-datatype-jdk8-2.9.6.jar;E:\Maven\maven-jar\com\fasterxml\jackson\module\jackson-module-parameter-names\2.9.6\jackson-module-parameter-names-2.9.6.jar;E:\Maven\maven-jar\org\springframework\boot\spring-boot-starter-tomcat\2.0.3.RELEASE\spring-boot-starter-tomcat-2.0.3.RELEASE.jar;E:\Maven\maven-jar\org\apache\tomcat\embed\tomcat-embed-core\8.5.31\tomcat-embed-core-8.5.31.jar;E:\Maven\maven-jar\org\apache\tomcat\embed\tomcat-embed-el\8.5.31\tomcat-embed-el-8.5.31.jar;E:\Maven\maven-jar\org\apache\tomcat\embed\tomcat-embed-websocket\8.5.31\tomcat-embed-websocket-8.5.31.jar;E:\Maven\maven-jar\org\hibernate\validator\hibernate-validator\6.0.10.Final\hibernate-validator-6.0.10.Final.jar;E:\Maven\maven-jar\javax\validation\validation-api\2.0.1.Final\validation-api-2.0.1.Final.jar;E:\Maven\maven-jar\org\jboss\logging\jboss-logging\3.3.2.Final\jboss-logging-3.3.2.Final.jar;E:\Maven\maven-jar\org\springframework\spring-web\5.0.7.RELEASE\spring-web-5.0.7.RELEASE.jar;E:\Maven\maven-jar\org\springframework\spring-webmvc\5.0.7.RELEASE\spring-webmvc-5.0.7.RELEASE.jar;E:\Maven\maven-jar\org\springframework\spring-aop\5.0.7.RELEASE\spring-aop-5.0.7.RELEASE.jar;E:\Maven\maven-jar\org\springframework\spring-expression\5.0.7.RELEASE\spring-expression-5.0.7.RELEASE.jar;E:\Maven\maven-jar\mysql\mysql-connector-java\5.1.44\mysql-connector-java-5.1.44.jar;E:\Maven\maven-jar\org\springframework\boot\spring-boot-starter-test\2.0.3.RELEASE\spring-boot-starter-test-2.0.3.RELEASE.jar;E:\Maven\maven-jar\org\springframework\boot\spring-boot-test\2.0.3.RELEASE\spring-boot-test-2.0.3.RELEASE.jar;E:\Maven\maven-jar\org\springframework\boot\spring-boot-test-autoconfigure\2.0.3.RELEASE\spring-boot-test-autoconfigure-2.0.3.RELEASE.jar;E:\Maven\maven-jar\junit\junit\4.12\junit-4.12.jar;E:\Maven\maven-jar\org\assertj\assertj-core\3.9.1\assertj-core-3.9.1.jar;E:\Maven\maven-jar\org\mockito\mockito-core\2.15.0\mockito-core-2.15.0.jar;E:\Maven\maven-jar\net\bytebuddy\byte-buddy\1.7.11\byte-buddy-1.7.11.jar;E:\Maven\maven-jar\net\bytebuddy\byte-buddy-agent\1.7.11\byte-buddy-agent-1.7.11.jar;E:\Maven\maven-jar\org\objenesis\objenesis\2.6\objenesis-2.6.jar;E:\Maven\maven-jar\org\hamcrest\hamcrest-core\1.3\hamcrest-core-1.3.jar;E:\Maven\maven-jar\org\hamcrest\hamcrest-library\1.3\hamcrest-library-1.3.jar;E:\Maven\maven-jar\org\skyscreamer\jsonassert\1.5.0\jsonassert-1.5.0.jar;E:\Maven\maven-jar\com\vaadin\external\google\android-json\0.0.20131108.vaadin1\android-json-0.0.20131108.vaadin1.jar;E:\Maven\maven-jar\org\springframework\spring-test\5.0.7.RELEASE\spring-test-5.0.7.RELEASE.jar;E:\Maven\maven-jar\org\xmlunit\xmlunit-core\2.5.1\xmlunit-core-2.5.1.jar;E:\Maven\maven-jar\io\springfox\springfox-swagger2\2.7.0\springfox-swagger2-2.7.0.jar;E:\Maven\maven-jar\io\swagger\swagger-annotations\1.5.13\swagger-annotations-1.5.13.jar;E:\Maven\maven-jar\io\swagger\swagger-models\1.5.13\swagger-models-1.5.13.jar;E:\Maven\maven-jar\io\springfox\springfox-spi\2.7.0\springfox-spi-2.7.0.jar;E:\Maven\maven-jar\io\springfox\springfox-core\2.7.0\springfox-core-2.7.0.jar;E:\Maven\maven-jar\io\springfox\springfox-schema\2.7.0\springfox-schema-2.7.0.jar;E:\Maven\maven-jar\io\springfox\springfox-swagger-common\2.7.0\springfox-swagger-common-2.7.0.jar;E:\Maven\maven-jar\io\springfox\springfox-spring-web\2.7.0\springfox-spring-web-2.7.0.jar;E:\Maven\maven-jar\org\reflections\reflections\0.9.11\reflections-0.9.11.jar;E:\Maven\maven-jar\org\javassist\javassist\3.21.0-GA\javassist-3.21.0-GA.jar;E:\Maven\maven-jar\com\google\guava\guava\18.0\guava-18.0.jar;E:\Maven\maven-jar\com\fasterxml\classmate\1.3.4\classmate-1.3.4.jar;E:\Maven\maven-jar\org\slf4j\slf4j-api\1.7.25\slf4j-api-1.7.25.jar;E:\Maven\maven-jar\org\springframework\plugin\spring-plugin-core\1.2.0.RELEASE\spring-plugin-core-1.2.0.RELEASE.jar;E:\Maven\maven-jar\org\springframework\plugin\spring-plugin-metadata\1.2.0.RELEASE\spring-plugin-metadata-1.2.0.RELEASE.jar;E:\Maven\maven-jar\org\mapstruct\mapstruct\1.1.0.Final\mapstruct-1.1.0.Final.jar;E:\Maven\maven-jar\io\springfox\springfox-swagger-ui\2.7.0\springfox-swagger-ui-2.7.0.jar;E:\Maven\maven-jar\com\alibaba\druid\1.1.5\druid-1.1.5.jar;E:\Maven\maven-jar\javax\servlet\javax.servlet-api\3.1.0\javax.servlet-api-3.1.0.jar;E:\Maven\maven-jar\org\mybatis\spring\boot\mybatis-spring-boot-starter\1.2.2\mybatis-spring-boot-starter-1.2.2.jar;E:\Maven\maven-jar\org\springframework\boot\spring-boot-starter-jdbc\2.0.3.RELEASE\spring-boot-starter-jdbc-2.0.3.RELEASE.jar;E:\Maven\maven-jar\com\zaxxer\HikariCP\2.7.9\HikariCP-2.7.9.jar;E:\Maven\maven-jar\org\mybatis\spring\boot\mybatis-spring-boot-autoconfigure\1.2.2\mybatis-spring-boot-autoconfigure-1.2.2.jar;E:\Maven\maven-jar\org\mybatis\mybatis\3.4.5\mybatis-3.4.5.jar;E:\Maven\maven-jar\org\mybatis\mybatis-spring\1.3.1\mybatis-spring-1.3.1.jar;E:\Maven\maven-jar\com\github\pagehelper\pagehelper\4.1.0\pagehelper-4.1.0.jar;E:\Maven\maven-jar\com\github\jsqlparser\jsqlparser\0.9.4\jsqlparser-0.9.4.jar;E:\Maven\maven-jar\org\projectlombok\lombok\1.18.0\lombok-1.18.0.jar;E:\Maven\maven-jar\org\springframework\spring-orm\5.0.7.RELEASE\spring-orm-5.0.7.RELEASE.jar;E:\Maven\maven-jar\org\springframework\spring-beans\5.0.7.RELEASE\spring-beans-5.0.7.RELEASE.jar;E:\Maven\maven-jar\org\springframework\spring-jdbc\5.0.7.RELEASE\spring-jdbc-5.0.7.RELEASE.jar;E:\Maven\maven-jar\org\springframework\spring-tx\5.0.7.RELEASE\spring-tx-5.0.7.RELEASE.jar;E:\Maven\maven-jar\com\jayway\jsonpath\json-path\2.4.0\json-path-2.4.0.jar;E:\Maven\maven-jar\net\minidev\json-smart\2.3\json-smart-2.3.jar;E:\Maven\maven-jar\net\minidev\accessors-smart\1.2\accessors-smart-1.2.jar;E:\Maven\maven-jar\org\ow2\asm\asm\5.0.4\asm-5.0.4.jar;E:\Maven\maven-jar\com\fasterxml\jackson\datatype\jackson-datatype-jsr310\2.9.6\jackson-datatype-jsr310-2.9.6.jar;E:\Maven\maven-jar\com\fasterxml\jackson\core\jackson-annotations\2.9.0\jackson-annotations-2.9.0.jar;E:\Maven\maven-jar\com\fasterxml\jackson\core\jackson-core\2.9.6\jackson-core-2.9.6.jar;E:\Maven\maven-jar\com\fasterxml\jackson\core\jackson-databind\2.9.6\jackson-databind-2.9.6.jar;E:\Maven\maven-jar\com\netflix\ribbon\ribbon-core\2.2.5\ribbon-core-2.2.5.jar;E:\Maven\maven-jar\com\google\code\findbugs\annotations\2.0.0\annotations-2.0.0.jar;E:\Maven\maven-jar\commons-configuration\commons-configuration\1.8\commons-configuration-1.8.jar;E:\Maven\maven-jar\commons-logging\commons-logging\1.1.1\commons-logging-1.1.1.jar;E:\Maven\maven-jar\commons-lang\commons-lang\2.6\commons-lang-2.6.jar;E:\Maven\maven-jar\com\netflix\archaius\archaius-core\0.7.4\archaius-core-0.7.4.jar;E:\Maven\maven-jar\com\google\code\findbugs\jsr305\3.0.1\jsr305-3.0.1.jar;E:\Maven\maven-jar\com\aliyun\aliyun-java-sdk-core\4.0.3\aliyun-java-sdk-core-4.0.3.jar;E:\Maven\maven-jar\com\google\code\gson\gson\2.8.5\gson-2.8.5.jar;E:\Maven\maven-jar\org\apache\httpcomponents\httpclient\4.5.5\httpclient-4.5.5.jar;E:\Maven\maven-jar\org\apache\httpcomponents\httpcore\4.4.9\httpcore-4.4.9.jar;E:\Maven\maven-jar\commons-codec\commons-codec\1.11\commons-codec-1.11.jar;E:\Maven\maven-jar\javax\xml\bind\jaxb-api\2.3.0\jaxb-api-2.3.0.jar;E:\Maven\maven-jar\com\sun\xml\bind\jaxb-core\2.1.14\jaxb-core-2.1.14.jar;E:\Maven\maven-jar\com\sun\xml\bind\jaxb-impl\2.1\jaxb-impl-2.1.jar;E:\Maven\maven-jar\javax\activation\activation\1.1.1\activation-1.1.1.jar;E:\Maven\maven-jar\com\aliyun\aliyun-java-sdk-dysmsapi\1.1.0\aliyun-java-sdk-dysmsapi-1.1.0.jar;E:\Maven\maven-jar\org\springframework\data\spring-data-commons\2.0.9.RELEASE\spring-data-commons-2.0.9.RELEASE.jar;, java.specification.name=Java Platform API Specification, java.class.version=52.0, sun.management.compiler=HotSpot 64-Bit Tiered Compilers, os.version=10.0, user.home=C:\Users\保继泽, user.timezone=Asia/Shanghai, java.awt.printerjob=sun.awt.windows.WPrinterJob, file.encoding=GBK, java.specification.version=1.8, java.class.path=E:\Rdea\liaoin-cqzs\target\test-classes;E:\Rdea\liaoin-cqzs\target\classes;E:\Maven\maven-jar\org\springframework\boot\spring-boot-starter\2.0.3.RELEASE\spring-boot-starter-2.0.3.RELEASE.jar;E:\Maven\maven-jar\org\springframework\boot\spring-boot\2.0.3.RELEASE\spring-boot-2.0.3.RELEASE.jar;E:\Maven\maven-jar\org\springframework\spring-context\5.0.7.RELEASE\spring-context-5.0.7.RELEASE.jar;E:\Maven\maven-jar\org\springframework\boot\spring-boot-autoconfigure\2.0.3.RELEASE\spring-boot-autoconfigure-2.0.3.RELEASE.jar;E:\Maven\maven-jar\org\springframework\boot\spring-boot-starter-logging\2.0.3.RELEASE\spring-boot-starter-logging-2.0.3.RELEASE.jar;E:\Maven\maven-jar\ch\qos\logback\logback-classic\1.2.3\logback-classic-1.2.3.jar;E:\Maven\maven-jar\ch\qos\logback\logback-core\1.2.3\logback-core-1.2.3.jar;E:\Maven\maven-jar\org\apache\logging\log4j\log4j-to-slf4j\2.10.0\log4j-to-slf4j-2.10.0.jar;E:\Maven\maven-jar\org\apache\logging\log4j\log4j-api\2.10.0\log4j-api-2.10.0.jar;E:\Maven\maven-jar\org\slf4j\jul-to-slf4j\1.7.25\jul-to-slf4j-1.7.25.jar;E:\Maven\maven-jar\javax\annotation\javax.annotation-api\1.3.2\javax.annotation-api-1.3.2.jar;E:\Maven\maven-jar\org\springframework\spring-core\5.0.7.RELEASE\spring-core-5.0.7.RELEASE.jar;E:\Maven\maven-jar\org\springframework\spring-jcl\5.0.7.RELEASE\spring-jcl-5.0.7.RELEASE.jar;E:\Maven\maven-jar\org\yaml\snakeyaml\1.19\snakeyaml-1.19.jar;E:\Maven\maven-jar\org\springframework\boot\spring-boot-starter-web\2.0.3.RELEASE\spring-boot-starter-web-2.0.3.RELEASE.jar;E:\Maven\maven-jar\org\springframework\boot\spring-boot-starter-json\2.0.3.RELEASE\spring-boot-starter-json-2.0.3.RELEASE.jar;E:\Maven\maven-jar\com\fasterxml\jackson\datatype\jackson-datatype-jdk8\2.9.6\jackson-datatype-jdk8-2.9.6.jar;E:\Maven\maven-jar\com\fasterxml\jackson\module\jackson-module-parameter-names\2.9.6\jackson-module-parameter-names-2.9.6.jar;E:\Maven\maven-jar\org\springframework\boot\spring-boot-starter-tomcat\2.0.3.RELEASE\spring-boot-starter-tomcat-2.0.3.RELEASE.jar;E:\Maven\maven-jar\org\apache\tomcat\embed\tomcat-embed-core\8.5.31\tomcat-embed-core-8.5.31.jar;E:\Maven\maven-jar\org\apache\tomcat\embed\tomcat-embed-el\8.5.31\tomcat-embed-el-8.5.31.jar;E:\Maven\maven-jar\org\apache\tomcat\embed\tomcat-embed-websocket\8.5.31\tomcat-embed-websocket-8.5.31.jar;E:\Maven\maven-jar\org\hibernate\validator\hibernate-validator\6.0.10.Final\hibernate-validator-6.0.10.Final.jar;E:\Maven\maven-jar\javax\validation\validation-api\2.0.1.Final\validation-api-2.0.1.Final.jar;E:\Maven\maven-jar\org\jboss\logging\jboss-logging\3.3.2.Final\jboss-logging-3.3.2.Final.jar;E:\Maven\maven-jar\org\springframework\spring-web\5.0.7.RELEASE\spring-web-5.0.7.RELEASE.jar;E:\Maven\maven-jar\org\springframework\spring-webmvc\5.0.7.RELEASE\spring-webmvc-5.0.7.RELEASE.jar;E:\Maven\maven-jar\org\springframework\spring-aop\5.0.7.RELEASE\spring-aop-5.0.7.RELEASE.jar;E:\Maven\maven-jar\org\springframework\spring-expression\5.0.7.RELEASE\spring-expression-5.0.7.RELEASE.jar;E:\Maven\maven-jar\mysql\mysql-connector-java\5.1.44\mysql-connector-java-5.1.44.jar;E:\Maven\maven-jar\org\springframework\boot\spring-boot-starter-test\2.0.3.RELEASE\spring-boot-starter-test-2.0.3.RELEASE.jar;E:\Maven\maven-jar\org\springframework\boot\spring-boot-test\2.0.3.RELEASE\spring-boot-test-2.0.3.RELEASE.jar;E:\Maven\maven-jar\org\springframework\boot\spring-boot-test-autoconfigure\2.0.3.RELEASE\spring-boot-test-autoconfigure-2.0.3.RELEASE.jar;E:\Maven\maven-jar\junit\junit\4.12\junit-4.12.jar;E:\Maven\maven-jar\org\assertj\assertj-core\3.9.1\assertj-core-3.9.1.jar;E:\Maven\maven-jar\org\mockito\mockito-core\2.15.0\mockito-core-2.15.0.jar;E:\Maven\maven-jar\net\bytebuddy\byte-buddy\1.7.11\byte-buddy-1.7.11.jar;E:\Maven\maven-jar\net\bytebuddy\byte-buddy-agent\1.7.11\byte-buddy-agent-1.7.11.jar;E:\Maven\maven-jar\org\objenesis\objenesis\2.6\objenesis-2.6.jar;E:\Maven\maven-jar\org\hamcrest\hamcrest-core\1.3\hamcrest-core-1.3.jar;E:\Maven\maven-jar\org\hamcrest\hamcrest-library\1.3\hamcrest-library-1.3.jar;E:\Maven\maven-jar\org\skyscreamer\jsonassert\1.5.0\jsonassert-1.5.0.jar;E:\Maven\maven-jar\com\vaadin\external\google\android-json\0.0.20131108.vaadin1\android-json-0.0.20131108.vaadin1.jar;E:\Maven\maven-jar\org\springframework\spring-test\5.0.7.RELEASE\spring-test-5.0.7.RELEASE.jar;E:\Maven\maven-jar\org\xmlunit\xmlunit-core\2.5.1\xmlunit-core-2.5.1.jar;E:\Maven\maven-jar\io\springfox\springfox-swagger2\2.7.0\springfox-swagger2-2.7.0.jar;E:\Maven\maven-jar\io\swagger\swagger-annotations\1.5.13\swagger-annotations-1.5.13.jar;E:\Maven\maven-jar\io\swagger\swagger-models\1.5.13\swagger-models-1.5.13.jar;E:\Maven\maven-jar\io\springfox\springfox-spi\2.7.0\springfox-spi-2.7.0.jar;E:\Maven\maven-jar\io\springfox\springfox-core\2.7.0\springfox-core-2.7.0.jar;E:\Maven\maven-jar\io\springfox\springfox-schema\2.7.0\springfox-schema-2.7.0.jar;E:\Maven\maven-jar\io\springfox\springfox-swagger-common\2.7.0\springfox-swagger-common-2.7.0.jar;E:\Maven\maven-jar\io\springfox\springfox-spring-web\2.7.0\springfox-spring-web-2.7.0.jar;E:\Maven\maven-jar\org\reflections\reflections\0.9.11\reflections-0.9.11.jar;E:\Maven\maven-jar\org\javassist\javassist\3.21.0-GA\javassist-3.21.0-GA.jar;E:\Maven\maven-jar\com\google\guava\guava\18.0\guava-18.0.jar;E:\Maven\maven-jar\com\fasterxml\classmate\1.3.4\classmate-1.3.4.jar;E:\Maven\maven-jar\org\slf4j\slf4j-api\1.7.25\slf4j-api-1.7.25.jar;E:\Maven\maven-jar\org\springframework\plugin\spring-plugin-core\1.2.0.RELEASE\spring-plugin-core-1.2.0.RELEASE.jar;E:\Maven\maven-jar\org\springframework\plugin\spring-plugin-metadata\1.2.0.RELEASE\spring-plugin-metadata-1.2.0.RELEASE.jar;E:\Maven\maven-jar\org\mapstruct\mapstruct\1.1.0.Final\mapstruct-1.1.0.Final.jar;E:\Maven\maven-jar\io\springfox\springfox-swagger-ui\2.7.0\springfox-swagger-ui-2.7.0.jar;E:\Maven\maven-jar\com\alibaba\druid\1.1.5\druid-1.1.5.jar;E:\Maven\maven-jar\javax\servlet\javax.servlet-api\3.1.0\javax.servlet-api-3.1.0.jar;E:\Maven\maven-jar\org\mybatis\spring\boot\mybatis-spring-boot-starter\1.2.2\mybatis-spring-boot-starter-1.2.2.jar;E:\Maven\maven-jar\org\springframework\boot\spring-boot-starter-jdbc\2.0.3.RELEASE\spring-boot-starter-jdbc-2.0.3.RELEASE.jar;E:\Maven\maven-jar\com\zaxxer\HikariCP\2.7.9\HikariCP-2.7.9.jar;E:\Maven\maven-jar\org\mybatis\spring\boot\mybatis-spring-boot-autoconfigure\1.2.2\mybatis-spring-boot-autoconfigure-1.2.2.jar;E:\Maven\maven-jar\org\mybatis\mybatis\3.4.5\mybatis-3.4.5.jar;E:\Maven\maven-jar\org\mybatis\mybatis-spring\1.3.1\mybatis-spring-1.3.1.jar;E:\Maven\maven-jar\com\github\pagehelper\pagehelper\4.1.0\pagehelper-4.1.0.jar;E:\Maven\maven-jar\com\github\jsqlparser\jsqlparser\0.9.4\jsqlparser-0.9.4.jar;E:\Maven\maven-jar\org\projectlombok\lombok\1.18.0\lombok-1.18.0.jar;E:\Maven\maven-jar\org\springframework\spring-orm\5.0.7.RELEASE\spring-orm-5.0.7.RELEASE.jar;E:\Maven\maven-jar\org\springframework\spring-beans\5.0.7.RELEASE\spring-beans-5.0.7.RELEASE.jar;E:\Maven\maven-jar\org\springframework\spring-jdbc\5.0.7.RELEASE\spring-jdbc-5.0.7.RELEASE.jar;E:\Maven\maven-jar\org\springframework\spring-tx\5.0.7.RELEASE\spring-tx-5.0.7.RELEASE.jar;E:\Maven\maven-jar\com\jayway\jsonpath\json-path\2.4.0\json-path-2.4.0.jar;E:\Maven\maven-jar\net\minidev\json-smart\2.3\json-smart-2.3.jar;E:\Maven\maven-jar\net\minidev\accessors-smart\1.2\accessors-smart-1.2.jar;E:\Maven\maven-jar\org\ow2\asm\asm\5.0.4\asm-5.0.4.jar;E:\Maven\maven-jar\com\fasterxml\jackson\datatype\jackson-datatype-jsr310\2.9.6\jackson-datatype-jsr310-2.9.6.jar;E:\Maven\maven-jar\com\fasterxml\jackson\core\jackson-annotations\2.9.0\jackson-annotations-2.9.0.jar;E:\Maven\maven-jar\com\fasterxml\jackson\core\jackson-core\2.9.6\jackson-core-2.9.6.jar;E:\Maven\maven-jar\com\fasterxml\jackson\core\jackson-databind\2.9.6\jackson-databind-2.9.6.jar;E:\Maven\maven-jar\com\netflix\ribbon\ribbon-core\2.2.5\ribbon-core-2.2.5.jar;E:\Maven\maven-jar\com\google\code\findbugs\annotations\2.0.0\annotations-2.0.0.jar;E:\Maven\maven-jar\commons-configuration\commons-configuration\1.8\commons-configuration-1.8.jar;E:\Maven\maven-jar\commons-logging\commons-logging\1.1.1\commons-logging-1.1.1.jar;E:\Maven\maven-jar\commons-lang\commons-lang\2.6\commons-lang-2.6.jar;E:\Maven\maven-jar\com\netflix\archaius\archaius-core\0.7.4\archaius-core-0.7.4.jar;E:\Maven\maven-jar\com\google\code\findbugs\jsr305\3.0.1\jsr305-3.0.1.jar;E:\Maven\maven-jar\com\aliyun\aliyun-java-sdk-core\4.0.3\aliyun-java-sdk-core-4.0.3.jar;E:\Maven\maven-jar\com\google\code\gson\gson\2.8.5\gson-2.8.5.jar;E:\Maven\maven-jar\org\apache\httpcomponents\httpclient\4.5.5\httpclient-4.5.5.jar;E:\Maven\maven-jar\org\apache\httpcomponents\httpcore\4.4.9\httpcore-4.4.9.jar;E:\Maven\maven-jar\commons-codec\commons-codec\1.11\commons-codec-1.11.jar;E:\Maven\maven-jar\javax\xml\bind\jaxb-api\2.3.0\jaxb-api-2.3.0.jar;E:\Maven\maven-jar\com\sun\xml\bind\jaxb-core\2.1.14\jaxb-core-2.1.14.jar;E:\Maven\maven-jar\com\sun\xml\bind\jaxb-impl\2.1\jaxb-impl-2.1.jar;E:\Maven\maven-jar\javax\activation\activation\1.1.1\activation-1.1.1.jar;E:\Maven\maven-jar\com\aliyun\aliyun-java-sdk-dysmsapi\1.1.0\aliyun-java-sdk-dysmsapi-1.1.0.jar;E:\Maven\maven-jar\org\springframework\data\spring-data-commons\2.0.9.RELEASE\spring-data-commons-2.0.9.RELEASE.jar;, user.name=baojize, java.vm.specification.version=1.8, sun.java.command=C:\Users\保继泽\AppData\Local\Temp\surefire854614094096431117\surefirebooter8097754441387123262.jar C:\Users\保继泽\AppData\Local\Temp\surefire854614094096431117 2018-08-10T11-21-43_939-jvmRun1 surefire5013989314970989433tmp surefire_02796284738662473759tmp, java.home=C:\Program Files\Java\jdk1.8.0_111\jre, sun.arch.data.model=64, user.language=zh, java.specification.vendor=Oracle Corporation, awt.toolkit=sun.awt.windows.WToolkit, java.vm.info=mixed mode, java.version=1.8.0_111, java.ext.dirs=C:\Program Files\Java\jdk1.8.0_111\jre\lib\ext;C:\WINDOWS\Sun\Java\lib\ext, sun.boot.class.path=C:\Program Files\Java\jdk1.8.0_111\jre\lib\resources.jar;C:\Program Files\Java\jdk1.8.0_111\jre\lib\rt.jar;C:\Program Files\Java\jdk1.8.0_111\jre\lib\sunrsasign.jar;C:\Program Files\Java\jdk1.8.0_111\jre\lib\jsse.jar;C:\Program Files\Java\jdk1.8.0_111\jre\lib\jce.jar;C:\Program Files\Java\jdk1.8.0_111\jre\lib\charsets.jar;C:\Program Files\Java\jdk1.8.0_111\jre\lib\jfr.jar;C:\Program Files\Java\jdk1.8.0_111\jre\classes, java.vendor=Oracle Corporation, localRepository=E:\Maven\maven-jar, file.separator=\, java.vendor.url.bug=http://bugreport.sun.com/bugreport/, sun.io.unicode.encoding=UnicodeLittle, sun.cpu.endian=little, sun.desktop=windows, sun.cpu.isalist=amd64}}, SystemEnvironmentPropertySource@1783047508 {name='systemEnvironment', properties={PATH=C:\ProgramData\Oracle\Java\javapath;C:\Program Files (x86)\Intel\iCLS Client\;C:\Program Files\Intel\iCLS Client\;C:\Windows\system32;C:\Windows;C:\Windows\System32\Wbem;C:\Windows\System32\WindowsPowerShell\v1.0\;C:\Program Files (x86)\NVIDIA Corporation\PhysX\Common;C:\Program Files (x86)\Intel\Intel(R) Management Engine Components\DAL;C:\Program Files\Intel\Intel(R) Management Engine Components\DAL;C:\Program Files (x86)\Intel\Intel(R) Management Engine Components\IPT;C:\Program Files\Intel\Intel(R) Management Engine Components\IPT;C:\Program Files\Intel\WiFi\bin\;C:\Program Files\Common Files\Intel\WirelessCommon\;C:\WINDOWS\system32;C:\WINDOWS;C:\WINDOWS\System32\Wbem;C:\WINDOWS\System32\WindowsPowerShell\v1.0\;C:\Program Files (x86)\MySQL\MySQL Fabric 1.5 & MySQL Utilities 1.5\;C:\Program Files (x86)\MySQL\MySQL Fabric 1.5 & MySQL Utilities 1.5\Doctrine extensions for PHP\;C:\Program Files\Java\jdk1.8.0_111\bin;C:\Program Files\Java\jdk1.8.0_111\jre\bin;C:\Program Files\Java\jre1.8.0_111;E:\apache-tomcat-9.0.6\bin;E:\git\Git\cmd;E:\Maven\apache-maven-3.5.3\bin;C:\Program Files\TortoiseSVN\bin;E:\RabbitMQ\RabbitMQ\bin;;C:\WINDOWS\System32\OpenSSH\;C:\Users\保继泽\AppData\Local\Microsoft\WindowsApps;, USERDOMAIN_ROAMINGPROFILE=DESKTOP-IS3AULE, LOCALAPPDATA=C:\Users\保继泽\AppData\Local, PROCESSOR_LEVEL=6, SYSTEMDRIVE=C:, COMMONPROGRAMFILES(X86)=C:\Program Files (x86)\Common Files, USERDOMAIN=DESKTOP-IS3AULE, FPS_BROWSER_APP_PROFILE_STRING=Internet Explorer, LOGONSERVER=\\DESKTOP-IS3AULE, JAVA_HOME=C:\Program Files\Java\jdk1.8.0_111, PROMPT=$P$G, SESSIONNAME=Console, ALLUSERSPROFILE=C:\ProgramData, PROGRAMFILES(X86)=C:\Program Files (x86), PROCESSOR_ARCHITECTURE=AMD64, DRIVERDATA=C:\Windows\System32\Drivers\DriverData, ERLANG_HOME=E:\RabbitMQ\RabbitMQ, JRE_HOME=C:\Program Files\Java\jre1.8.0_111, =E:=E:\Rdea\liaoin-cqzs, MAVEN_HOME=E:\Maven\apache-maven-3.5.3, PROGRAMFILES=C:\Program Files, APPDATA=C:\Users\保继泽\AppData\Roaming, PSMODULEPATH=C:\Program Files\WindowsPowerShell\Modules;C:\WINDOWS\system32\WindowsPowerShell\v1.0\Modules, PROGRAMW6432=C:\Program Files, PROGRAMDATA=C:\ProgramData, SYSTEMROOT=C:\WINDOWS, USERNAME=baojize, FPS_BROWSER_USER_PROFILE_STRING=Default, ONEDRIVE=C:\Users\保继泽\OneDrive, PATHEXT=.COM;.EXE;.BAT;.CMD;.VBS;.VBE;.JS;.JSE;.WSF;.WSH;.MSC, OS=Windows_NT, COMMONPROGRAMW6432=C:\Program Files\Common Files, COMPUTERNAME=DESKTOP-IS3AULE, COMMONPROGRAMFILES=C:\Program Files\Common Files, COMSPEC=C:\WINDOWS\system32\cmd.exe, CATALINA_HOME=E:\apache-tomcat-9.0.6, PROCESSOR_REVISION=9e09, WINDIR=C:\WINDOWS, HOMEPATH=\Users\保继泽, TEMP=C:\Users\保继泽\AppData\Local\Temp, HOMEDRIVE=C:, PROCESSOR_IDENTIFIER=Intel64 Family 6 Model 158 Stepping 9, GenuineIntel, USERPROFILE=C:\Users\保继泽, TMP=C:\Users\保继泽\AppData\Local\Temp, M2_HOME=E:\Maven\apache-maven-3.5.3, PUBLIC=C:\Users\Public, NUMBER_OF_PROCESSORS=8, =::=::\}}]
11:21:44.857 [main] DEBUG org.springframework.core.io.support.PathMatchingResourcePatternResolver - Resolved classpath location [com/liaoin/liaoincqz/] to resources [URL [file:/E:/Rdea/liaoin-cqzs/target/test-classes/com/liaoin/liaoincqz/]]
11:21:44.857 [main] DEBUG org.springframework.core.io.support.PathMatchingResourcePatternResolver - Looking for matching resources in directory tree [E:\Rdea\liaoin-cqzs\target\test-classes\com\liaoin\liaoincqz]
11:21:44.857 [main] DEBUG org.springframework.core.io.support.PathMatchingResourcePatternResolver - Searching directory [E:\Rdea\liaoin-cqzs\target\test-classes\com\liaoin\liaoincqz] for files matching pattern [E:/Rdea/liaoin-cqzs/target/test-classes/com/liaoin/liaoincqz/*.class]
11:21:44.861 [main] DEBUG org.springframework.core.io.support.PathMatchingResourcePatternResolver - Resolved location pattern [classpath*:com/liaoin/liaoincqz/*.class] to resources [file [E:\Rdea\liaoin-cqzs\target\test-classes\com\liaoin\liaoincqz\LiaoinCqzApplicationTests.class]]
11:21:44.888 [main] DEBUG org.springframework.core.io.support.PathMatchingResourcePatternResolver - Resolved classpath location [com/liaoin/] to resources [URL [file:/E:/Rdea/liaoin-cqzs/target/test-classes/com/liaoin/], URL [file:/E:/Rdea/liaoin-cqzs/target/classes/com/liaoin/]]
11:21:44.888 [main] DEBUG org.springframework.core.io.support.PathMatchingResourcePatternResolver - Looking for matching resources in directory tree [E:\Rdea\liaoin-cqzs\target\test-classes\com\liaoin]
11:21:44.893 [main] DEBUG org.springframework.core.io.support.PathMatchingResourcePatternResolver - Searching directory [E:\Rdea\liaoin-cqzs\target\test-classes\com\liaoin] for files matching pattern [E:/Rdea/liaoin-cqzs/target/test-classes/com/liaoin/*.class]
11:21:44.894 [main] DEBUG org.springframework.core.io.support.PathMatchingResourcePatternResolver - Looking for matching resources in directory tree [E:\Rdea\liaoin-cqzs\target\classes\com\liaoin]
11:21:44.894 [main] DEBUG org.springframework.core.io.support.PathMatchingResourcePatternResolver - Searching directory [E:\Rdea\liaoin-cqzs\target\classes\com\liaoin] for files matching pattern [E:/Rdea/liaoin-cqzs/target/classes/com/liaoin/*.class]
11:21:44.895 [main] DEBUG org.springframework.core.io.support.PathMatchingResourcePatternResolver - Resolved location pattern [classpath*:com/liaoin/*.class] to resources [file [E:\Rdea\liaoin-cqzs\target\classes\com\liaoin\LiaoinCqzApplication.class]]
11:21:44.930 [main] DEBUG org.springframework.context.annotation.ClassPathScanningCandidateComponentProvider - Identified candidate component class: file [E:\Rdea\liaoin-cqzs\target\classes\com\liaoin\LiaoinCqzApplication.class]
11:21:44.932 [main] INFO org.springframework.boot.test.context.SpringBootTestContextBootstrapper - Found @SpringBootConfiguration com.liaoin.LiaoinCqzApplication for test class com.liaoin.liaoincqz.LiaoinCqzApplicationTests
11:21:45.037 [main] DEBUG org.springframework.boot.test.context.SpringBootTestContextBootstrapper - @TestExecutionListeners is not present for class [com.liaoin.liaoincqz.LiaoinCqzApplicationTests]: using defaults.
11:21:45.037 [main] INFO org.springframework.boot.test.context.SpringBootTestContextBootstrapper - Loaded default TestExecutionListener class names from location [META-INF/spring.factories]: [org.springframework.boot.test.mock.mockito.MockitoTestExecutionListener, org.springframework.boot.test.mock.mockito.ResetMocksTestExecutionListener, org.springframework.boot.test.autoconfigure.restdocs.RestDocsTestExecutionListener, org.springframework.boot.test.autoconfigure.web.client.MockRestServiceServerResetTestExecutionListener, org.springframework.boot.test.autoconfigure.web.servlet.MockMvcPrintOnlyOnFailureTestExecutionListener, org.springframework.boot.test.autoconfigure.web.servlet.WebDriverTestExecutionListener, org.springframework.test.context.web.ServletTestExecutionListener, org.springframework.test.context.support.DirtiesContextBeforeModesTestExecutionListener, org.springframework.test.context.support.DependencyInjectionTestExecutionListener, org.springframework.test.context.support.DirtiesContextTestExecutionListener, org.springframework.test.context.transaction.TransactionalTestExecutionListener, org.springframework.test.context.jdbc.SqlScriptsTestExecutionListener]
11:21:45.060 [main] INFO org.springframework.boot.test.context.SpringBootTestContextBootstrapper - Using TestExecutionListeners: [org.springframework.test.context.web.ServletTestExecutionListener@707194ba, org.springframework.test.context.support.DirtiesContextBeforeModesTestExecutionListener@1190200a, org.springframework.boot.test.mock.mockito.MockitoTestExecutionListener@6a2f6f80, org.springframework.boot.test.autoconfigure.SpringBootDependencyInjectionTestExecutionListener@45b4c3a9, org.springframework.test.context.support.DirtiesContextTestExecutionListener@399c4be1, org.springframework.test.context.transaction.TransactionalTestExecutionListener@291caca8, org.springframework.test.context.jdbc.SqlScriptsTestExecutionListener@385e9564, org.springframework.boot.test.mock.mockito.ResetMocksTestExecutionListener@5b94b04d, org.springframework.boot.test.autoconfigure.restdocs.RestDocsTestExecutionListener@8c3b9d, org.springframework.boot.test.autoconfigure.web.client.MockRestServiceServerResetTestExecutionListener@4c39bec8, org.springframework.boot.test.autoconfigure.web.servlet.MockMvcPrintOnlyOnFailureTestExecutionListener@f79e, org.springframework.boot.test.autoconfigure.web.servlet.WebDriverTestExecutionListener@7ee8290b]
11:21:45.063 [main] DEBUG org.springframework.test.annotation.ProfileValueUtils - Retrieved @ProfileValueSourceConfiguration [null] for test class [com.liaoin.liaoincqz.LiaoinCqzApplicationTests]
11:21:45.063 [main] DEBUG org.springframework.test.annotation.ProfileValueUtils - Retrieved ProfileValueSource type [class org.springframework.test.annotation.SystemProfileValueSource] for class [com.liaoin.liaoincqz.LiaoinCqzApplicationTests]
11:21:45.066 [main] DEBUG org.springframework.test.annotation.ProfileValueUtils - Retrieved @ProfileValueSourceConfiguration [null] for test class [com.liaoin.liaoincqz.LiaoinCqzApplicationTests]
11:21:45.067 [main] DEBUG org.springframework.test.annotation.ProfileValueUtils - Retrieved ProfileValueSource type [class org.springframework.test.annotation.SystemProfileValueSource] for class [com.liaoin.liaoincqz.LiaoinCqzApplicationTests]
11:21:45.068 [main] DEBUG org.springframework.test.annotation.ProfileValueUtils - Retrieved @ProfileValueSourceConfiguration [null] for test class [com.liaoin.liaoincqz.LiaoinCqzApplicationTests]
11:21:45.068 [main] DEBUG org.springframework.test.annotation.ProfileValueUtils - Retrieved ProfileValueSource type [class org.springframework.test.annotation.SystemProfileValueSource] for class [com.liaoin.liaoincqz.LiaoinCqzApplicationTests]
11:21:45.073 [main] DEBUG org.springframework.test.context.support.AbstractDirtiesContextTestExecutionListener - Before test class: context [DefaultTestContext@762ef0ea testClass = LiaoinCqzApplicationTests, testInstance = [null], testMethod = [null], testException = [null], mergedContextConfiguration = [WebMergedContextConfiguration@31f9b85e testClass = LiaoinCqzApplicationTests, locations = '{}', classes = '{class com.liaoin.LiaoinCqzApplication}', contextInitializerClasses = '[]', activeProfiles = '{}', propertySourceLocations = '{}', propertySourceProperties = '{org.springframework.boot.test.context.SpringBootTestContextBootstrapper=true}', contextCustomizers = set[org.springframework.boot.test.context.filter.ExcludeFilterContextCustomizer@3439f68d, org.springframework.boot.test.json.DuplicateJsonObjectContextCustomizerFactory$DuplicateJsonObjectContextCustomizer@17695df3, org.springframework.boot.test.mock.mockito.MockitoContextCustomizer@0, org.springframework.boot.test.web.client.TestRestTemplateContextCustomizer@32cf48b7, org.springframework.boot.test.autoconfigure.properties.PropertyMappingContextCustomizer@0, org.springframework.boot.test.autoconfigure.web.servlet.WebDriverContextCustomizerFactory$Customizer@62fdb4a6], resourceBasePath = 'src/main/webapp', contextLoader = 'org.springframework.boot.test.context.SpringBootContextLoader', parent = [null]], attributes = map['org.springframework.test.context.web.ServletTestExecutionListener.activateListener' -> true]], class annotated with @DirtiesContext [false] with mode [null].
11:21:45.074 [main] DEBUG org.springframework.test.annotation.ProfileValueUtils - Retrieved @ProfileValueSourceConfiguration [null] for test class [com.liaoin.liaoincqz.LiaoinCqzApplicationTests]
11:21:45.074 [main] DEBUG org.springframework.test.annotation.ProfileValueUtils - Retrieved ProfileValueSource type [class org.springframework.test.annotation.SystemProfileValueSource] for class [com.liaoin.liaoincqz.LiaoinCqzApplicationTests]
11:21:45.094 [main] DEBUG org.springframework.core.env.StandardEnvironment - Adding PropertySource 'systemProperties' with lowest search precedence
11:21:45.094 [main] DEBUG org.springframework.core.env.StandardEnvironment - Adding PropertySource 'systemEnvironment' with lowest search precedence
11:21:45.095 [main] DEBUG org.springframework.core.env.StandardEnvironment - Initialized StandardEnvironment with PropertySources [MapPropertySource@1819776360 {name='systemProperties', properties={idea.version=2017.3.5, java.runtime.name=Java(TM) SE Runtime Environment, sun.boot.library.path=C:\Program Files\Java\jdk1.8.0_111\jre\bin, java.vm.version=25.111-b14, java.vm.vendor=Oracle Corporation, java.vendor.url=http://java.oracle.com/, path.separator=;, java.vm.name=Java HotSpot(TM) 64-Bit Server VM, file.encoding.pkg=sun.io, user.country=CN, user.script=, sun.java.launcher=SUN_STANDARD, sun.os.patch.level=, java.vm.specification.name=Java Virtual Machine Specification, user.dir=E:\Rdea\liaoin-cqzs, java.runtime.version=1.8.0_111-b14, basedir=E:\Rdea\liaoin-cqzs, java.awt.graphicsenv=sun.awt.Win32GraphicsEnvironment, java.endorsed.dirs=C:\Program Files\Java\jdk1.8.0_111\jre\lib\endorsed, os.arch=amd64, surefire.real.class.path=C:\Users\保继泽\AppData\Local\Temp\surefire854614094096431117\surefirebooter8097754441387123262.jar, java.io.tmpdir=C:\Users\保继泽\AppData\Local\Temp\, line.separator=
, java.vm.specification.vendor=Oracle Corporation, user.variant=, os.name=Windows 10, sun.jnu.encoding=GBK, java.library.path=C:\Program Files\Java\jdk1.8.0_111\jre\bin;C:\WINDOWS\Sun\Java\bin;C:\WINDOWS\system32;C:\WINDOWS;C:\ProgramData\Oracle\Java\javapath;C:\Program Files (x86)\Intel\iCLS Client\;C:\Program Files\Intel\iCLS Client\;C:\Windows\system32;C:\Windows;C:\Windows\System32\Wbem;C:\Windows\System32\WindowsPowerShell\v1.0\;C:\Program Files (x86)\NVIDIA Corporation\PhysX\Common;C:\Program Files (x86)\Intel\Intel(R) Management Engine Components\DAL;C:\Program Files\Intel\Intel(R) Management Engine Components\DAL;C:\Program Files (x86)\Intel\Intel(R) Management Engine Components\IPT;C:\Program Files\Intel\Intel(R) Management Engine Components\IPT;C:\Program Files\Intel\WiFi\bin\;C:\Program Files\Common Files\Intel\WirelessCommon\;C:\WINDOWS\system32;C:\WINDOWS;C:\WINDOWS\System32\Wbem;C:\WINDOWS\System32\WindowsPowerShell\v1.0\;C:\Program Files (x86)\MySQL\MySQL Fabric 1.5 & MySQL Utilities 1.5\;C:\Program Files (x86)\MySQL\MySQL Fabric 1.5 & MySQL Utilities 1.5\Doctrine extensions for PHP\;C:\Program Files\Java\jdk1.8.0_111\bin;C:\Program Files\Java\jdk1.8.0_111\jre\bin;C:\Program Files\Java\jre1.8.0_111;E:\apache-tomcat-9.0.6\bin;E:\git\Git\cmd;E:\Maven\apache-maven-3.5.3\bin;C:\Program Files\TortoiseSVN\bin;E:\RabbitMQ\RabbitMQ\bin;;C:\WINDOWS\System32\OpenSSH\;C:\Users\保继泽\AppData\Local\Microsoft\WindowsApps;;., surefire.test.class.path=E:\Rdea\liaoin-cqzs\target\test-classes;E:\Rdea\liaoin-cqzs\target\classes;E:\Maven\maven-jar\org\springframework\boot\spring-boot-starter\2.0.3.RELEASE\spring-boot-starter-2.0.3.RELEASE.jar;E:\Maven\maven-jar\org\springframework\boot\spring-boot\2.0.3.RELEASE\spring-boot-2.0.3.RELEASE.jar;E:\Maven\maven-jar\org\springframework\spring-context\5.0.7.RELEASE\spring-context-5.0.7.RELEASE.jar;E:\Maven\maven-jar\org\springframework\boot\spring-boot-autoconfigure\2.0.3.RELEASE\spring-boot-autoconfigure-2.0.3.RELEASE.jar;E:\Maven\maven-jar\org\springframework\boot\spring-boot-starter-logging\2.0.3.RELEASE\spring-boot-starter-logging-2.0.3.RELEASE.jar;E:\Maven\maven-jar\ch\qos\logback\logback-classic\1.2.3\logback-classic-1.2.3.jar;E:\Maven\maven-jar\ch\qos\logback\logback-core\1.2.3\logback-core-1.2.3.jar;E:\Maven\maven-jar\org\apache\logging\log4j\log4j-to-slf4j\2.10.0\log4j-to-slf4j-2.10.0.jar;E:\Maven\maven-jar\org\apache\logging\log4j\log4j-api\2.10.0\log4j-api-2.10.0.jar;E:\Maven\maven-jar\org\slf4j\jul-to-slf4j\1.7.25\jul-to-slf4j-1.7.25.jar;E:\Maven\maven-jar\javax\annotation\javax.annotation-api\1.3.2\javax.annotation-api-1.3.2.jar;E:\Maven\maven-jar\org\springframework\spring-core\5.0.7.RELEASE\spring-core-5.0.7.RELEASE.jar;E:\Maven\maven-jar\org\springframework\spring-jcl\5.0.7.RELEASE\spring-jcl-5.0.7.RELEASE.jar;E:\Maven\maven-jar\org\yaml\snakeyaml\1.19\snakeyaml-1.19.jar;E:\Maven\maven-jar\org\springframework\boot\spring-boot-starter-web\2.0.3.RELEASE\spring-boot-starter-web-2.0.3.RELEASE.jar;E:\Maven\maven-jar\org\springframework\boot\spring-boot-starter-json\2.0.3.RELEASE\spring-boot-starter-json-2.0.3.RELEASE.jar;E:\Maven\maven-jar\com\fasterxml\jackson\datatype\jackson-datatype-jdk8\2.9.6\jackson-datatype-jdk8-2.9.6.jar;E:\Maven\maven-jar\com\fasterxml\jackson\module\jackson-module-parameter-names\2.9.6\jackson-module-parameter-names-2.9.6.jar;E:\Maven\maven-jar\org\springframework\boot\spring-boot-starter-tomcat\2.0.3.RELEASE\spring-boot-starter-tomcat-2.0.3.RELEASE.jar;E:\Maven\maven-jar\org\apache\tomcat\embed\tomcat-embed-core\8.5.31\tomcat-embed-core-8.5.31.jar;E:\Maven\maven-jar\org\apache\tomcat\embed\tomcat-embed-el\8.5.31\tomcat-embed-el-8.5.31.jar;E:\Maven\maven-jar\org\apache\tomcat\embed\tomcat-embed-websocket\8.5.31\tomcat-embed-websocket-8.5.31.jar;E:\Maven\maven-jar\org\hibernate\validator\hibernate-validator\6.0.10.Final\hibernate-validator-6.0.10.Final.jar;E:\Maven\maven-jar\javax\validation\validation-api\2.0.1.Final\validation-api-2.0.1.Final.jar;E:\Maven\maven-jar\org\jboss\logging\jboss-logging\3.3.2.Final\jboss-logging-3.3.2.Final.jar;E:\Maven\maven-jar\org\springframework\spring-web\5.0.7.RELEASE\spring-web-5.0.7.RELEASE.jar;E:\Maven\maven-jar\org\springframework\spring-webmvc\5.0.7.RELEASE\spring-webmvc-5.0.7.RELEASE.jar;E:\Maven\maven-jar\org\springframework\spring-aop\5.0.7.RELEASE\spring-aop-5.0.7.RELEASE.jar;E:\Maven\maven-jar\org\springframework\spring-expression\5.0.7.RELEASE\spring-expression-5.0.7.RELEASE.jar;E:\Maven\maven-jar\mysql\mysql-connector-java\5.1.44\mysql-connector-java-5.1.44.jar;E:\Maven\maven-jar\org\springframework\boot\spring-boot-starter-test\2.0.3.RELEASE\spring-boot-starter-test-2.0.3.RELEASE.jar;E:\Maven\maven-jar\org\springframework\boot\spring-boot-test\2.0.3.RELEASE\spring-boot-test-2.0.3.RELEASE.jar;E:\Maven\maven-jar\org\springframework\boot\spring-boot-test-autoconfigure\2.0.3.RELEASE\spring-boot-test-autoconfigure-2.0.3.RELEASE.jar;E:\Maven\maven-jar\junit\junit\4.12\junit-4.12.jar;E:\Maven\maven-jar\org\assertj\assertj-core\3.9.1\assertj-core-3.9.1.jar;E:\Maven\maven-jar\org\mockito\mockito-core\2.15.0\mockito-core-2.15.0.jar;E:\Maven\maven-jar\net\bytebuddy\byte-buddy\1.7.11\byte-buddy-1.7.11.jar;E:\Maven\maven-jar\net\bytebuddy\byte-buddy-agent\1.7.11\byte-buddy-agent-1.7.11.jar;E:\Maven\maven-jar\org\objenesis\objenesis\2.6\objenesis-2.6.jar;E:\Maven\maven-jar\org\hamcrest\hamcrest-core\1.3\hamcrest-core-1.3.jar;E:\Maven\maven-jar\org\hamcrest\hamcrest-library\1.3\hamcrest-library-1.3.jar;E:\Maven\maven-jar\org\skyscreamer\jsonassert\1.5.0\jsonassert-1.5.0.jar;E:\Maven\maven-jar\com\vaadin\external\google\android-json\0.0.20131108.vaadin1\android-json-0.0.20131108.vaadin1.jar;E:\Maven\maven-jar\org\springframework\spring-test\5.0.7.RELEASE\spring-test-5.0.7.RELEASE.jar;E:\Maven\maven-jar\org\xmlunit\xmlunit-core\2.5.1\xmlunit-core-2.5.1.jar;E:\Maven\maven-jar\io\springfox\springfox-swagger2\2.7.0\springfox-swagger2-2.7.0.jar;E:\Maven\maven-jar\io\swagger\swagger-annotations\1.5.13\swagger-annotations-1.5.13.jar;E:\Maven\maven-jar\io\swagger\swagger-models\1.5.13\swagger-models-1.5.13.jar;E:\Maven\maven-jar\io\springfox\springfox-spi\2.7.0\springfox-spi-2.7.0.jar;E:\Maven\maven-jar\io\springfox\springfox-core\2.7.0\springfox-core-2.7.0.jar;E:\Maven\maven-jar\io\springfox\springfox-schema\2.7.0\springfox-schema-2.7.0.jar;E:\Maven\maven-jar\io\springfox\springfox-swagger-common\2.7.0\springfox-swagger-common-2.7.0.jar;E:\Maven\maven-jar\io\springfox\springfox-spring-web\2.7.0\springfox-spring-web-2.7.0.jar;E:\Maven\maven-jar\org\reflections\reflections\0.9.11\reflections-0.9.11.jar;E:\Maven\maven-jar\org\javassist\javassist\3.21.0-GA\javassist-3.21.0-GA.jar;E:\Maven\maven-jar\com\google\guava\guava\18.0\guava-18.0.jar;E:\Maven\maven-jar\com\fasterxml\classmate\1.3.4\classmate-1.3.4.jar;E:\Maven\maven-jar\org\slf4j\slf4j-api\1.7.25\slf4j-api-1.7.25.jar;E:\Maven\maven-jar\org\springframework\plugin\spring-plugin-core\1.2.0.RELEASE\spring-plugin-core-1.2.0.RELEASE.jar;E:\Maven\maven-jar\org\springframework\plugin\spring-plugin-metadata\1.2.0.RELEASE\spring-plugin-metadata-1.2.0.RELEASE.jar;E:\Maven\maven-jar\org\mapstruct\mapstruct\1.1.0.Final\mapstruct-1.1.0.Final.jar;E:\Maven\maven-jar\io\springfox\springfox-swagger-ui\2.7.0\springfox-swagger-ui-2.7.0.jar;E:\Maven\maven-jar\com\alibaba\druid\1.1.5\druid-1.1.5.jar;E:\Maven\maven-jar\javax\servlet\javax.servlet-api\3.1.0\javax.servlet-api-3.1.0.jar;E:\Maven\maven-jar\org\mybatis\spring\boot\mybatis-spring-boot-starter\1.2.2\mybatis-spring-boot-starter-1.2.2.jar;E:\Maven\maven-jar\org\springframework\boot\spring-boot-starter-jdbc\2.0.3.RELEASE\spring-boot-starter-jdbc-2.0.3.RELEASE.jar;E:\Maven\maven-jar\com\zaxxer\HikariCP\2.7.9\HikariCP-2.7.9.jar;E:\Maven\maven-jar\org\mybatis\spring\boot\mybatis-spring-boot-autoconfigure\1.2.2\mybatis-spring-boot-autoconfigure-1.2.2.jar;E:\Maven\maven-jar\org\mybatis\mybatis\3.4.5\mybatis-3.4.5.jar;E:\Maven\maven-jar\org\mybatis\mybatis-spring\1.3.1\mybatis-spring-1.3.1.jar;E:\Maven\maven-jar\com\github\pagehelper\pagehelper\4.1.0\pagehelper-4.1.0.jar;E:\Maven\maven-jar\com\github\jsqlparser\jsqlparser\0.9.4\jsqlparser-0.9.4.jar;E:\Maven\maven-jar\org\projectlombok\lombok\1.18.0\lombok-1.18.0.jar;E:\Maven\maven-jar\org\springframework\spring-orm\5.0.7.RELEASE\spring-orm-5.0.7.RELEASE.jar;E:\Maven\maven-jar\org\springframework\spring-beans\5.0.7.RELEASE\spring-beans-5.0.7.RELEASE.jar;E:\Maven\maven-jar\org\springframework\spring-jdbc\5.0.7.RELEASE\spring-jdbc-5.0.7.RELEASE.jar;E:\Maven\maven-jar\org\springframework\spring-tx\5.0.7.RELEASE\spring-tx-5.0.7.RELEASE.jar;E:\Maven\maven-jar\com\jayway\jsonpath\json-path\2.4.0\json-path-2.4.0.jar;E:\Maven\maven-jar\net\minidev\json-smart\2.3\json-smart-2.3.jar;E:\Maven\maven-jar\net\minidev\accessors-smart\1.2\accessors-smart-1.2.jar;E:\Maven\maven-jar\org\ow2\asm\asm\5.0.4\asm-5.0.4.jar;E:\Maven\maven-jar\com\fasterxml\jackson\datatype\jackson-datatype-jsr310\2.9.6\jackson-datatype-jsr310-2.9.6.jar;E:\Maven\maven-jar\com\fasterxml\jackson\core\jackson-annotations\2.9.0\jackson-annotations-2.9.0.jar;E:\Maven\maven-jar\com\fasterxml\jackson\core\jackson-core\2.9.6\jackson-core-2.9.6.jar;E:\Maven\maven-jar\com\fasterxml\jackson\core\jackson-databind\2.9.6\jackson-databind-2.9.6.jar;E:\Maven\maven-jar\com\netflix\ribbon\ribbon-core\2.2.5\ribbon-core-2.2.5.jar;E:\Maven\maven-jar\com\google\code\findbugs\annotations\2.0.0\annotations-2.0.0.jar;E:\Maven\maven-jar\commons-configuration\commons-configuration\1.8\commons-configuration-1.8.jar;E:\Maven\maven-jar\commons-logging\commons-logging\1.1.1\commons-logging-1.1.1.jar;E:\Maven\maven-jar\commons-lang\commons-lang\2.6\commons-lang-2.6.jar;E:\Maven\maven-jar\com\netflix\archaius\archaius-core\0.7.4\archaius-core-0.7.4.jar;E:\Maven\maven-jar\com\google\code\findbugs\jsr305\3.0.1\jsr305-3.0.1.jar;E:\Maven\maven-jar\com\aliyun\aliyun-java-sdk-core\4.0.3\aliyun-java-sdk-core-4.0.3.jar;E:\Maven\maven-jar\com\google\code\gson\gson\2.8.5\gson-2.8.5.jar;E:\Maven\maven-jar\org\apache\httpcomponents\httpclient\4.5.5\httpclient-4.5.5.jar;E:\Maven\maven-jar\org\apache\httpcomponents\httpcore\4.4.9\httpcore-4.4.9.jar;E:\Maven\maven-jar\commons-codec\commons-codec\1.11\commons-codec-1.11.jar;E:\Maven\maven-jar\javax\xml\bind\jaxb-api\2.3.0\jaxb-api-2.3.0.jar;E:\Maven\maven-jar\com\sun\xml\bind\jaxb-core\2.1.14\jaxb-core-2.1.14.jar;E:\Maven\maven-jar\com\sun\xml\bind\jaxb-impl\2.1\jaxb-impl-2.1.jar;E:\Maven\maven-jar\javax\activation\activation\1.1.1\activation-1.1.1.jar;E:\Maven\maven-jar\com\aliyun\aliyun-java-sdk-dysmsapi\1.1.0\aliyun-java-sdk-dysmsapi-1.1.0.jar;E:\Maven\maven-jar\org\springframework\data\spring-data-commons\2.0.9.RELEASE\spring-data-commons-2.0.9.RELEASE.jar;, java.specification.name=Java Platform API Specification, java.class.version=52.0, sun.management.compiler=HotSpot 64-Bit Tiered Compilers, os.version=10.0, user.home=C:\Users\保继泽, user.timezone=Asia/Shanghai, java.awt.printerjob=sun.awt.windows.WPrinterJob, file.encoding=GBK, java.specification.version=1.8, java.class.path=E:\Rdea\liaoin-cqzs\target\test-classes;E:\Rdea\liaoin-cqzs\target\classes;E:\Maven\maven-jar\org\springframework\boot\spring-boot-starter\2.0.3.RELEASE\spring-boot-starter-2.0.3.RELEASE.jar;E:\Maven\maven-jar\org\springframework\boot\spring-boot\2.0.3.RELEASE\spring-boot-2.0.3.RELEASE.jar;E:\Maven\maven-jar\org\springframework\spring-context\5.0.7.RELEASE\spring-context-5.0.7.RELEASE.jar;E:\Maven\maven-jar\org\springframework\boot\spring-boot-autoconfigure\2.0.3.RELEASE\spring-boot-autoconfigure-2.0.3.RELEASE.jar;E:\Maven\maven-jar\org\springframework\boot\spring-boot-starter-logging\2.0.3.RELEASE\spring-boot-starter-logging-2.0.3.RELEASE.jar;E:\Maven\maven-jar\ch\qos\logback\logback-classic\1.2.3\logback-classic-1.2.3.jar;E:\Maven\maven-jar\ch\qos\logback\logback-core\1.2.3\logback-core-1.2.3.jar;E:\Maven\maven-jar\org\apache\logging\log4j\log4j-to-slf4j\2.10.0\log4j-to-slf4j-2.10.0.jar;E:\Maven\maven-jar\org\apache\logging\log4j\log4j-api\2.10.0\log4j-api-2.10.0.jar;E:\Maven\maven-jar\org\slf4j\jul-to-slf4j\1.7.25\jul-to-slf4j-1.7.25.jar;E:\Maven\maven-jar\javax\annotation\javax.annotation-api\1.3.2\javax.annotation-api-1.3.2.jar;E:\Maven\maven-jar\org\springframework\spring-core\5.0.7.RELEASE\spring-core-5.0.7.RELEASE.jar;E:\Maven\maven-jar\org\springframework\spring-jcl\5.0.7.RELEASE\spring-jcl-5.0.7.RELEASE.jar;E:\Maven\maven-jar\org\yaml\snakeyaml\1.19\snakeyaml-1.19.jar;E:\Maven\maven-jar\org\springframework\boot\spring-boot-starter-web\2.0.3.RELEASE\spring-boot-starter-web-2.0.3.RELEASE.jar;E:\Maven\maven-jar\org\springframework\boot\spring-boot-starter-json\2.0.3.RELEASE\spring-boot-starter-json-2.0.3.RELEASE.jar;E:\Maven\maven-jar\com\fasterxml\jackson\datatype\jackson-datatype-jdk8\2.9.6\jackson-datatype-jdk8-2.9.6.jar;E:\Maven\maven-jar\com\fasterxml\jackson\module\jackson-module-parameter-names\2.9.6\jackson-module-parameter-names-2.9.6.jar;E:\Maven\maven-jar\org\springframework\boot\spring-boot-starter-tomcat\2.0.3.RELEASE\spring-boot-starter-tomcat-2.0.3.RELEASE.jar;E:\Maven\maven-jar\org\apache\tomcat\embed\tomcat-embed-core\8.5.31\tomcat-embed-core-8.5.31.jar;E:\Maven\maven-jar\org\apache\tomcat\embed\tomcat-embed-el\8.5.31\tomcat-embed-el-8.5.31.jar;E:\Maven\maven-jar\org\apache\tomcat\embed\tomcat-embed-websocket\8.5.31\tomcat-embed-websocket-8.5.31.jar;E:\Maven\maven-jar\org\hibernate\validator\hibernate-validator\6.0.10.Final\hibernate-validator-6.0.10.Final.jar;E:\Maven\maven-jar\javax\validation\validation-api\2.0.1.Final\validation-api-2.0.1.Final.jar;E:\Maven\maven-jar\org\jboss\logging\jboss-logging\3.3.2.Final\jboss-logging-3.3.2.Final.jar;E:\Maven\maven-jar\org\springframework\spring-web\5.0.7.RELEASE\spring-web-5.0.7.RELEASE.jar;E:\Maven\maven-jar\org\springframework\spring-webmvc\5.0.7.RELEASE\spring-webmvc-5.0.7.RELEASE.jar;E:\Maven\maven-jar\org\springframework\spring-aop\5.0.7.RELEASE\spring-aop-5.0.7.RELEASE.jar;E:\Maven\maven-jar\org\springframework\spring-expression\5.0.7.RELEASE\spring-expression-5.0.7.RELEASE.jar;E:\Maven\maven-jar\mysql\mysql-connector-java\5.1.44\mysql-connector-java-5.1.44.jar;E:\Maven\maven-jar\org\springframework\boot\spring-boot-starter-test\2.0.3.RELEASE\spring-boot-starter-test-2.0.3.RELEASE.jar;E:\Maven\maven-jar\org\springframework\boot\spring-boot-test\2.0.3.RELEASE\spring-boot-test-2.0.3.RELEASE.jar;E:\Maven\maven-jar\org\springframework\boot\spring-boot-test-autoconfigure\2.0.3.RELEASE\spring-boot-test-autoconfigure-2.0.3.RELEASE.jar;E:\Maven\maven-jar\junit\junit\4.12\junit-4.12.jar;E:\Maven\maven-jar\org\assertj\assertj-core\3.9.1\assertj-core-3.9.1.jar;E:\Maven\maven-jar\org\mockito\mockito-core\2.15.0\mockito-core-2.15.0.jar;E:\Maven\maven-jar\net\bytebuddy\byte-buddy\1.7.11\byte-buddy-1.7.11.jar;E:\Maven\maven-jar\net\bytebuddy\byte-buddy-agent\1.7.11\byte-buddy-agent-1.7.11.jar;E:\Maven\maven-jar\org\objenesis\objenesis\2.6\objenesis-2.6.jar;E:\Maven\maven-jar\org\hamcrest\hamcrest-core\1.3\hamcrest-core-1.3.jar;E:\Maven\maven-jar\org\hamcrest\hamcrest-library\1.3\hamcrest-library-1.3.jar;E:\Maven\maven-jar\org\skyscreamer\jsonassert\1.5.0\jsonassert-1.5.0.jar;E:\Maven\maven-jar\com\vaadin\external\google\android-json\0.0.20131108.vaadin1\android-json-0.0.20131108.vaadin1.jar;E:\Maven\maven-jar\org\springframework\spring-test\5.0.7.RELEASE\spring-test-5.0.7.RELEASE.jar;E:\Maven\maven-jar\org\xmlunit\xmlunit-core\2.5.1\xmlunit-core-2.5.1.jar;E:\Maven\maven-jar\io\springfox\springfox-swagger2\2.7.0\springfox-swagger2-2.7.0.jar;E:\Maven\maven-jar\io\swagger\swagger-annotations\1.5.13\swagger-annotations-1.5.13.jar;E:\Maven\maven-jar\io\swagger\swagger-models\1.5.13\swagger-models-1.5.13.jar;E:\Maven\maven-jar\io\springfox\springfox-spi\2.7.0\springfox-spi-2.7.0.jar;E:\Maven\maven-jar\io\springfox\springfox-core\2.7.0\springfox-core-2.7.0.jar;E:\Maven\maven-jar\io\springfox\springfox-schema\2.7.0\springfox-schema-2.7.0.jar;E:\Maven\maven-jar\io\springfox\springfox-swagger-common\2.7.0\springfox-swagger-common-2.7.0.jar;E:\Maven\maven-jar\io\springfox\springfox-spring-web\2.7.0\springfox-spring-web-2.7.0.jar;E:\Maven\maven-jar\org\reflections\reflections\0.9.11\reflections-0.9.11.jar;E:\Maven\maven-jar\org\javassist\javassist\3.21.0-GA\javassist-3.21.0-GA.jar;E:\Maven\maven-jar\com\google\guava\guava\18.0\guava-18.0.jar;E:\Maven\maven-jar\com\fasterxml\classmate\1.3.4\classmate-1.3.4.jar;E:\Maven\maven-jar\org\slf4j\slf4j-api\1.7.25\slf4j-api-1.7.25.jar;E:\Maven\maven-jar\org\springframework\plugin\spring-plugin-core\1.2.0.RELEASE\spring-plugin-core-1.2.0.RELEASE.jar;E:\Maven\maven-jar\org\springframework\plugin\spring-plugin-metadata\1.2.0.RELEASE\spring-plugin-metadata-1.2.0.RELEASE.jar;E:\Maven\maven-jar\org\mapstruct\mapstruct\1.1.0.Final\mapstruct-1.1.0.Final.jar;E:\Maven\maven-jar\io\springfox\springfox-swagger-ui\2.7.0\springfox-swagger-ui-2.7.0.jar;E:\Maven\maven-jar\com\alibaba\druid\1.1.5\druid-1.1.5.jar;E:\Maven\maven-jar\javax\servlet\javax.servlet-api\3.1.0\javax.servlet-api-3.1.0.jar;E:\Maven\maven-jar\org\mybatis\spring\boot\mybatis-spring-boot-starter\1.2.2\mybatis-spring-boot-starter-1.2.2.jar;E:\Maven\maven-jar\org\springframework\boot\spring-boot-starter-jdbc\2.0.3.RELEASE\spring-boot-starter-jdbc-2.0.3.RELEASE.jar;E:\Maven\maven-jar\com\zaxxer\HikariCP\2.7.9\HikariCP-2.7.9.jar;E:\Maven\maven-jar\org\mybatis\spring\boot\mybatis-spring-boot-autoconfigure\1.2.2\mybatis-spring-boot-autoconfigure-1.2.2.jar;E:\Maven\maven-jar\org\mybatis\mybatis\3.4.5\mybatis-3.4.5.jar;E:\Maven\maven-jar\org\mybatis\mybatis-spring\1.3.1\mybatis-spring-1.3.1.jar;E:\Maven\maven-jar\com\github\pagehelper\pagehelper\4.1.0\pagehelper-4.1.0.jar;E:\Maven\maven-jar\com\github\jsqlparser\jsqlparser\0.9.4\jsqlparser-0.9.4.jar;E:\Maven\maven-jar\org\projectlombok\lombok\1.18.0\lombok-1.18.0.jar;E:\Maven\maven-jar\org\springframework\spring-orm\5.0.7.RELEASE\spring-orm-5.0.7.RELEASE.jar;E:\Maven\maven-jar\org\springframework\spring-beans\5.0.7.RELEASE\spring-beans-5.0.7.RELEASE.jar;E:\Maven\maven-jar\org\springframework\spring-jdbc\5.0.7.RELEASE\spring-jdbc-5.0.7.RELEASE.jar;E:\Maven\maven-jar\org\springframework\spring-tx\5.0.7.RELEASE\spring-tx-5.0.7.RELEASE.jar;E:\Maven\maven-jar\com\jayway\jsonpath\json-path\2.4.0\json-path-2.4.0.jar;E:\Maven\maven-jar\net\minidev\json-smart\2.3\json-smart-2.3.jar;E:\Maven\maven-jar\net\minidev\accessors-smart\1.2\accessors-smart-1.2.jar;E:\Maven\maven-jar\org\ow2\asm\asm\5.0.4\asm-5.0.4.jar;E:\Maven\maven-jar\com\fasterxml\jackson\datatype\jackson-datatype-jsr310\2.9.6\jackson-datatype-jsr310-2.9.6.jar;E:\Maven\maven-jar\com\fasterxml\jackson\core\jackson-annotations\2.9.0\jackson-annotations-2.9.0.jar;E:\Maven\maven-jar\com\fasterxml\jackson\core\jackson-core\2.9.6\jackson-core-2.9.6.jar;E:\Maven\maven-jar\com\fasterxml\jackson\core\jackson-databind\2.9.6\jackson-databind-2.9.6.jar;E:\Maven\maven-jar\com\netflix\ribbon\ribbon-core\2.2.5\ribbon-core-2.2.5.jar;E:\Maven\maven-jar\com\google\code\findbugs\annotations\2.0.0\annotations-2.0.0.jar;E:\Maven\maven-jar\commons-configuration\commons-configuration\1.8\commons-configuration-1.8.jar;E:\Maven\maven-jar\commons-logging\commons-logging\1.1.1\commons-logging-1.1.1.jar;E:\Maven\maven-jar\commons-lang\commons-lang\2.6\commons-lang-2.6.jar;E:\Maven\maven-jar\com\netflix\archaius\archaius-core\0.7.4\archaius-core-0.7.4.jar;E:\Maven\maven-jar\com\google\code\findbugs\jsr305\3.0.1\jsr305-3.0.1.jar;E:\Maven\maven-jar\com\aliyun\aliyun-java-sdk-core\4.0.3\aliyun-java-sdk-core-4.0.3.jar;E:\Maven\maven-jar\com\google\code\gson\gson\2.8.5\gson-2.8.5.jar;E:\Maven\maven-jar\org\apache\httpcomponents\httpclient\4.5.5\httpclient-4.5.5.jar;E:\Maven\maven-jar\org\apache\httpcomponents\httpcore\4.4.9\httpcore-4.4.9.jar;E:\Maven\maven-jar\commons-codec\commons-codec\1.11\commons-codec-1.11.jar;E:\Maven\maven-jar\javax\xml\bind\jaxb-api\2.3.0\jaxb-api-2.3.0.jar;E:\Maven\maven-jar\com\sun\xml\bind\jaxb-core\2.1.14\jaxb-core-2.1.14.jar;E:\Maven\maven-jar\com\sun\xml\bind\jaxb-impl\2.1\jaxb-impl-2.1.jar;E:\Maven\maven-jar\javax\activation\activation\1.1.1\activation-1.1.1.jar;E:\Maven\maven-jar\com\aliyun\aliyun-java-sdk-dysmsapi\1.1.0\aliyun-java-sdk-dysmsapi-1.1.0.jar;E:\Maven\maven-jar\org\springframework\data\spring-data-commons\2.0.9.RELEASE\spring-data-commons-2.0.9.RELEASE.jar;, user.name=baojize, java.vm.specification.version=1.8, sun.java.command=C:\Users\保继泽\AppData\Local\Temp\surefire854614094096431117\surefirebooter8097754441387123262.jar C:\Users\保继泽\AppData\Local\Temp\surefire854614094096431117 2018-08-10T11-21-43_939-jvmRun1 surefire5013989314970989433tmp surefire_02796284738662473759tmp, java.home=C:\Program Files\Java\jdk1.8.0_111\jre, sun.arch.data.model=64, user.language=zh, java.specification.vendor=Oracle Corporation, awt.toolkit=sun.awt.windows.WToolkit, java.vm.info=mixed mode, java.version=1.8.0_111, java.ext.dirs=C:\Program Files\Java\jdk1.8.0_111\jre\lib\ext;C:\WINDOWS\Sun\Java\lib\ext, sun.boot.class.path=C:\Program Files\Java\jdk1.8.0_111\jre\lib\resources.jar;C:\Program Files\Java\jdk1.8.0_111\jre\lib\rt.jar;C:\Program Files\Java\jdk1.8.0_111\jre\lib\sunrsasign.jar;C:\Program Files\Java\jdk1.8.0_111\jre\lib\jsse.jar;C:\Program Files\Java\jdk1.8.0_111\jre\lib\jce.jar;C:\Program Files\Java\jdk1.8.0_111\jre\lib\charsets.jar;C:\Program Files\Java\jdk1.8.0_111\jre\lib\jfr.jar;C:\Program Files\Java\jdk1.8.0_111\jre\classes, java.vendor=Oracle Corporation, localRepository=E:\Maven\maven-jar, file.separator=\, java.vendor.url.bug=http://bugreport.sun.com/bugreport/, sun.io.unicode.encoding=UnicodeLittle, sun.cpu.endian=little, sun.desktop=windows, sun.cpu.isalist=amd64}}, SystemEnvironmentPropertySource@255334292 {name='systemEnvironment', properties={PATH=C:\ProgramData\Oracle\Java\javapath;C:\Program Files (x86)\Intel\iCLS Client\;C:\Program Files\Intel\iCLS Client\;C:\Windows\system32;C:\Windows;C:\Windows\System32\Wbem;C:\Windows\System32\WindowsPowerShell\v1.0\;C:\Program Files (x86)\NVIDIA Corporation\PhysX\Common;C:\Program Files (x86)\Intel\Intel(R) Management Engine Components\DAL;C:\Program Files\Intel\Intel(R) Management Engine Components\DAL;C:\Program Files (x86)\Intel\Intel(R) Management Engine Components\IPT;C:\Program Files\Intel\Intel(R) Management Engine Components\IPT;C:\Program Files\Intel\WiFi\bin\;C:\Program Files\Common Files\Intel\WirelessCommon\;C:\WINDOWS\system32;C:\WINDOWS;C:\WINDOWS\System32\Wbem;C:\WINDOWS\System32\WindowsPowerShell\v1.0\;C:\Program Files (x86)\MySQL\MySQL Fabric 1.5 & MySQL Utilities 1.5\;C:\Program Files (x86)\MySQL\MySQL Fabric 1.5 & MySQL Utilities 1.5\Doctrine extensions for PHP\;C:\Program Files\Java\jdk1.8.0_111\bin;C:\Program Files\Java\jdk1.8.0_111\jre\bin;C:\Program Files\Java\jre1.8.0_111;E:\apache-tomcat-9.0.6\bin;E:\git\Git\cmd;E:\Maven\apache-maven-3.5.3\bin;C:\Program Files\TortoiseSVN\bin;E:\RabbitMQ\RabbitMQ\bin;;C:\WINDOWS\System32\OpenSSH\;C:\Users\保继泽\AppData\Local\Microsoft\WindowsApps;, USERDOMAIN_ROAMINGPROFILE=DESKTOP-IS3AULE, LOCALAPPDATA=C:\Users\保继泽\AppData\Local, PROCESSOR_LEVEL=6, SYSTEMDRIVE=C:, COMMONPROGRAMFILES(X86)=C:\Program Files (x86)\Common Files, USERDOMAIN=DESKTOP-IS3AULE, FPS_BROWSER_APP_PROFILE_STRING=Internet Explorer, LOGONSERVER=\\DESKTOP-IS3AULE, JAVA_HOME=C:\Program Files\Java\jdk1.8.0_111, PROMPT=$P$G, SESSIONNAME=Console, ALLUSERSPROFILE=C:\ProgramData, PROGRAMFILES(X86)=C:\Program Files (x86), PROCESSOR_ARCHITECTURE=AMD64, DRIVERDATA=C:\Windows\System32\Drivers\DriverData, ERLANG_HOME=E:\RabbitMQ\RabbitMQ, JRE_HOME=C:\Program Files\Java\jre1.8.0_111, =E:=E:\Rdea\liaoin-cqzs, MAVEN_HOME=E:\Maven\apache-maven-3.5.3, PROGRAMFILES=C:\Program Files, APPDATA=C:\Users\保继泽\AppData\Roaming, PSMODULEPATH=C:\Program Files\WindowsPowerShell\Modules;C:\WINDOWS\system32\WindowsPowerShell\v1.0\Modules, PROGRAMW6432=C:\Program Files, PROGRAMDATA=C:\ProgramData, SYSTEMROOT=C:\WINDOWS, USERNAME=baojize, FPS_BROWSER_USER_PROFILE_STRING=Default, ONEDRIVE=C:\Users\保继泽\OneDrive, PATHEXT=.COM;.EXE;.BAT;.CMD;.VBS;.VBE;.JS;.JSE;.WSF;.WSH;.MSC, OS=Windows_NT, COMMONPROGRAMW6432=C:\Program Files\Common Files, COMPUTERNAME=DESKTOP-IS3AULE, COMMONPROGRAMFILES=C:\Program Files\Common Files, COMSPEC=C:\WINDOWS\system32\cmd.exe, CATALINA_HOME=E:\apache-tomcat-9.0.6, PROCESSOR_REVISION=9e09, WINDIR=C:\WINDOWS, HOMEPATH=\Users\保继泽, TEMP=C:\Users\保继泽\AppData\Local\Temp, HOMEDRIVE=C:, PROCESSOR_IDENTIFIER=Intel64 Family 6 Model 158 Stepping 9, GenuineIntel, USERPROFILE=C:\Users\保继泽, TMP=C:\Users\保继泽\AppData\Local\Temp, M2_HOME=E:\Maven\apache-maven-3.5.3, PUBLIC=C:\Users\Public, NUMBER_OF_PROCESSORS=8, =::=::\}}]
11:21:45.098 [main] DEBUG org.springframework.test.context.support.TestPropertySourceUtils - Adding inlined properties to environment: {spring.jmx.enabled=false, org.springframework.boot.test.context.SpringBootTestContextBootstrapper=true, server.port=-1}
11:21:45.099 [main] DEBUG org.springframework.core.env.StandardEnvironment - Adding PropertySource 'Inlined Test Properties' with highest search precedence

  .   ____          _            __ _ _
 /\\ / ___'_ __ _ _(_)_ __  __ _ \ \ \ \
( ( )\___ | '_ | '_| | '_ \/ _` | \ \ \ \
 \\/  ___)| |_)| | | | | || (_| |  ) ) ) )
  '  |____| .__|_| |_|_| |_\__, | / / / /
 =========|_|==============|___/=/_/_/_/
 :: Spring Boot ::        (v2.0.3.RELEASE)

2018-08-10 11:21:45.341  INFO 13500 --- [           main] c.l.liaoincqz.LiaoinCqzApplicationTests  : Starting LiaoinCqzApplicationTests on DESKTOP-IS3AULE with PID 13500 (started by baojize in E:\Rdea\liaoin-cqzs)
2018-08-10 11:21:45.342  INFO 13500 --- [           main] c.l.liaoincqz.LiaoinCqzApplicationTests  : No active profile set, falling back to default profiles: default
2018-08-10 11:21:45.383  INFO 13500 --- [           main] o.s.w.c.s.GenericWebApplicationContext   : Refreshing org.springframework.web.context.support.GenericWebApplicationContext@c430e6c: startup date [Fri Aug 10 11:21:45 CST 2018]; root of context hierarchy
2018-08-10 11:21:46.918  INFO 13500 --- [           main] trationDelegate$BeanPostProcessorChecker : Bean 'org.springframework.transaction.annotation.ProxyTransactionManagementConfiguration' of type [org.springframework.transaction.annotation.ProxyTransactionManagementConfiguration$$EnhancerBySpringCGLIB$$ef7e8778] is not eligible for getting processed by all BeanPostProcessors (for example: not eligible for auto-proxying)
2018-08-10 11:21:46.990  WARN 13500 --- [           main] o.s.w.c.s.GenericWebApplicationContext   : Exception encountered during context initialization - cancelling refresh attempt: org.springframework.beans.factory.UnsatisfiedDependencyException: Error creating bean with name 'cartController': Unsatisfied dependency expressed through field 'cartService'; nested exception is org.springframework.beans.factory.UnsatisfiedDependencyException: Error creating bean with name 'cartServiceImpl': Unsatisfied dependency expressed through field 'cookie'; nested exception is org.springframework.beans.factory.NoSuchBeanDefinitionException: No qualifying bean of type 'org.springframework.http.HttpCookie' available: expected at least 1 bean which qualifies as autowire candidate. Dependency annotations: {@org.springframework.beans.factory.annotation.Autowired(required=true)}
2018-08-10 11:21:46.996  INFO 13500 --- [           main] ConditionEvaluationReportLoggingListener : 

Error starting ApplicationContext. To display the conditions report re-run your application with 'debug' enabled.
2018-08-10 11:21:47.083 ERROR 13500 --- [           main] o.s.b.d.LoggingFailureAnalysisReporter   : 

***************************
APPLICATION FAILED TO START
***************************

Description:

Field cookie in com.liaoin.service.impl.CartServiceImpl required a bean of type 'org.springframework.http.HttpCookie' that could not be found.


Action:

Consider defining a bean of type 'org.springframework.http.HttpCookie' in your configuration.

2018-08-10 11:21:47.089 ERROR 13500 --- [           main] o.s.test.context.TestContextManager      : Caught exception while allowing TestExecutionListener [org.springframework.test.context.web.ServletTestExecutionListener@707194ba] to prepare test instance [com.liaoin.liaoincqz.LiaoinCqzApplicationTests@12ffd1de]

java.lang.IllegalStateException: Failed to load ApplicationContext
	at org.springframework.test.context.cache.DefaultCacheAwareContextLoaderDelegate.loadContext(DefaultCacheAwareContextLoaderDelegate.java:125) ~[spring-test-5.0.7.RELEASE.jar:5.0.7.RELEASE]
	at org.springframework.test.context.support.DefaultTestContext.getApplicationContext(DefaultTestContext.java:108) ~[spring-test-5.0.7.RELEASE.jar:5.0.7.RELEASE]
	at org.springframework.test.context.web.ServletTestExecutionListener.setUpRequestContextIfNecessary(ServletTestExecutionListener.java:190) ~[spring-test-5.0.7.RELEASE.jar:5.0.7.RELEASE]
	at org.springframework.test.context.web.ServletTestExecutionListener.prepareTestInstance(ServletTestExecutionListener.java:132) ~[spring-test-5.0.7.RELEASE.jar:5.0.7.RELEASE]
	at org.springframework.test.context.TestContextManager.prepareTestInstance(TestContextManager.java:246) ~[spring-test-5.0.7.RELEASE.jar:5.0.7.RELEASE]
	at org.springframework.test.context.junit4.SpringJUnit4ClassRunner.createTest(SpringJUnit4ClassRunner.java:227) [spring-test-5.0.7.RELEASE.jar:5.0.7.RELEASE]
	at org.springframework.test.context.junit4.SpringJUnit4ClassRunner$1.runReflectiveCall(SpringJUnit4ClassRunner.java:289) [spring-test-5.0.7.RELEASE.jar:5.0.7.RELEASE]
	at org.junit.internal.runners.model.ReflectiveCallable.run(ReflectiveCallable.java:12) [junit-4.12.jar:4.12]
	at org.springframework.test.context.junit4.SpringJUnit4ClassRunner.methodBlock(SpringJUnit4ClassRunner.java:291) [spring-test-5.0.7.RELEASE.jar:5.0.7.RELEASE]
	at org.springframework.test.context.junit4.SpringJUnit4ClassRunner.runChild(SpringJUnit4ClassRunner.java:246) [spring-test-5.0.7.RELEASE.jar:5.0.7.RELEASE]
	at org.springframework.test.context.junit4.SpringJUnit4ClassRunner.runChild(SpringJUnit4ClassRunner.java:97) [spring-test-5.0.7.RELEASE.jar:5.0.7.RELEASE]
	at org.junit.runners.ParentRunner$3.run(ParentRunner.java:290) [junit-4.12.jar:4.12]
	at org.junit.runners.ParentRunner$1.schedule(ParentRunner.java:71) [junit-4.12.jar:4.12]
	at org.junit.runners.ParentRunner.runChildren(ParentRunner.java:288) [junit-4.12.jar:4.12]
	at org.junit.runners.ParentRunner.access$000(ParentRunner.java:58) [junit-4.12.jar:4.12]
	at org.junit.runners.ParentRunner$2.evaluate(ParentRunner.java:268) [junit-4.12.jar:4.12]
	at org.springframework.test.context.junit4.statements.RunBeforeTestClassCallbacks.evaluate(RunBeforeTestClassCallbacks.java:61) [spring-test-5.0.7.RELEASE.jar:5.0.7.RELEASE]
	at org.springframework.test.context.junit4.statements.RunAfterTestClassCallbacks.evaluate(RunAfterTestClassCallbacks.java:70) [spring-test-5.0.7.RELEASE.jar:5.0.7.RELEASE]
	at org.junit.runners.ParentRunner.run(ParentRunner.java:363) [junit-4.12.jar:4.12]
	at org.springframework.test.context.junit4.SpringJUnit4ClassRunner.run(SpringJUnit4ClassRunner.java:190) [spring-test-5.0.7.RELEASE.jar:5.0.7.RELEASE]
	at org.apache.maven.surefire.junit4.JUnit4Provider.execute(JUnit4Provider.java:365) [surefire-junit4-2.21.0.jar:2.21.0]
	at org.apache.maven.surefire.junit4.JUnit4Provider.executeWithRerun(JUnit4Provider.java:273) [surefire-junit4-2.21.0.jar:2.21.0]
	at org.apache.maven.surefire.junit4.JUnit4Provider.executeTestSet(JUnit4Provider.java:238) [surefire-junit4-2.21.0.jar:2.21.0]
	at org.apache.maven.surefire.junit4.JUnit4Provider.invoke(JUnit4Provider.java:159) [surefire-junit4-2.21.0.jar:2.21.0]
	at org.apache.maven.surefire.booter.ForkedBooter.invokeProviderInSameClassLoader(ForkedBooter.java:379) [surefire-booter-2.21.0.jar:2.21.0]
	at org.apache.maven.surefire.booter.ForkedBooter.runSuitesInProcess(ForkedBooter.java:340) [surefire-booter-2.21.0.jar:2.21.0]
	at org.apache.maven.surefire.booter.ForkedBooter.execute(ForkedBooter.java:125) [surefire-booter-2.21.0.jar:2.21.0]
	at org.apache.maven.surefire.booter.ForkedBooter.main(ForkedBooter.java:413) [surefire-booter-2.21.0.jar:2.21.0]
Caused by: org.springframework.beans.factory.UnsatisfiedDependencyException: Error creating bean with name 'cartController': Unsatisfied dependency expressed through field 'cartService'; nested exception is org.springframework.beans.factory.UnsatisfiedDependencyException: Error creating bean with name 'cartServiceImpl': Unsatisfied dependency expressed through field 'cookie'; nested exception is org.springframework.beans.factory.NoSuchBeanDefinitionException: No qualifying bean of type 'org.springframework.http.HttpCookie' available: expected at least 1 bean which qualifies as autowire candidate. Dependency annotations: {@org.springframework.beans.factory.annotation.Autowired(required=true)}
	at org.springframework.beans.factory.annotation.AutowiredAnnotationBeanPostProcessor$AutowiredFieldElement.inject(AutowiredAnnotationBeanPostProcessor.java:587) ~[spring-beans-5.0.7.RELEASE.jar:5.0.7.RELEASE]
	at org.springframework.beans.factory.annotation.InjectionMetadata.inject(InjectionMetadata.java:91) ~[spring-beans-5.0.7.RELEASE.jar:5.0.7.RELEASE]
	at org.springframework.beans.factory.annotation.AutowiredAnnotationBeanPostProcessor.postProcessPropertyValues(AutowiredAnnotationBeanPostProcessor.java:373) ~[spring-beans-5.0.7.RELEASE.jar:5.0.7.RELEASE]
	at org.springframework.beans.factory.support.AbstractAutowireCapableBeanFactory.populateBean(AbstractAutowireCapableBeanFactory.java:1350) ~[spring-beans-5.0.7.RELEASE.jar:5.0.7.RELEASE]
	at org.springframework.beans.factory.support.AbstractAutowireCapableBeanFactory.doCreateBean(AbstractAutowireCapableBeanFactory.java:580) ~[spring-beans-5.0.7.RELEASE.jar:5.0.7.RELEASE]
	at org.springframework.beans.factory.support.AbstractAutowireCapableBeanFactory.createBean(AbstractAutowireCapableBeanFactory.java:503) ~[spring-beans-5.0.7.RELEASE.jar:5.0.7.RELEASE]
	at org.springframework.beans.factory.support.AbstractBeanFactory.lambda$doGetBean$0(AbstractBeanFactory.java:317) ~[spring-beans-5.0.7.RELEASE.jar:5.0.7.RELEASE]
	at org.springframework.beans.factory.support.DefaultSingletonBeanRegistry.getSingleton(DefaultSingletonBeanRegistry.java:222) ~[spring-beans-5.0.7.RELEASE.jar:5.0.7.RELEASE]
	at org.springframework.beans.factory.support.AbstractBeanFactory.doGetBean(AbstractBeanFactory.java:315) ~[spring-beans-5.0.7.RELEASE.jar:5.0.7.RELEASE]
	at org.springframework.beans.factory.support.AbstractBeanFactory.getBean(AbstractBeanFactory.java:199) ~[spring-beans-5.0.7.RELEASE.jar:5.0.7.RELEASE]
	at org.springframework.beans.factory.support.DefaultListableBeanFactory.preInstantiateSingletons(DefaultListableBeanFactory.java:760) ~[spring-beans-5.0.7.RELEASE.jar:5.0.7.RELEASE]
	at org.springframework.context.support.AbstractApplicationContext.finishBeanFactoryInitialization(AbstractApplicationContext.java:869) ~[spring-context-5.0.7.RELEASE.jar:5.0.7.RELEASE]
	at org.springframework.context.support.AbstractApplicationContext.refresh(AbstractApplicationContext.java:550) ~[spring-context-5.0.7.RELEASE.jar:5.0.7.RELEASE]
	at org.springframework.boot.SpringApplication.refresh(SpringApplication.java:759) ~[spring-boot-2.0.3.RELEASE.jar:2.0.3.RELEASE]
	at org.springframework.boot.SpringApplication.refreshContext(SpringApplication.java:395) ~[spring-boot-2.0.3.RELEASE.jar:2.0.3.RELEASE]
	at org.springframework.boot.SpringApplication.run(SpringApplication.java:327) ~[spring-boot-2.0.3.RELEASE.jar:2.0.3.RELEASE]
	at org.springframework.boot.test.context.SpringBootContextLoader.loadContext(SpringBootContextLoader.java:139) ~[spring-boot-test-2.0.3.RELEASE.jar:2.0.3.RELEASE]
	at org.springframework.test.context.cache.DefaultCacheAwareContextLoaderDelegate.loadContextInternal(DefaultCacheAwareContextLoaderDelegate.java:99) ~[spring-test-5.0.7.RELEASE.jar:5.0.7.RELEASE]
	at org.springframework.test.context.cache.DefaultCacheAwareContextLoaderDelegate.loadContext(DefaultCacheAwareContextLoaderDelegate.java:117) ~[spring-test-5.0.7.RELEASE.jar:5.0.7.RELEASE]
	... 27 common frames omitted
Caused by: org.springframework.beans.factory.UnsatisfiedDependencyException: Error creating bean with name 'cartServiceImpl': Unsatisfied dependency expressed through field 'cookie'; nested exception is org.springframework.beans.factory.NoSuchBeanDefinitionException: No qualifying bean of type 'org.springframework.http.HttpCookie' available: expected at least 1 bean which qualifies as autowire candidate. Dependency annotations: {@org.springframework.beans.factory.annotation.Autowired(required=true)}
	at org.springframework.beans.factory.annotation.AutowiredAnnotationBeanPostProcessor$AutowiredFieldElement.inject(AutowiredAnnotationBeanPostProcessor.java:587) ~[spring-beans-5.0.7.RELEASE.jar:5.0.7.RELEASE]
	at org.springframework.beans.factory.annotation.InjectionMetadata.inject(InjectionMetadata.java:91) ~[spring-beans-5.0.7.RELEASE.jar:5.0.7.RELEASE]
	at org.springframework.beans.factory.annotation.AutowiredAnnotationBeanPostProcessor.postProcessPropertyValues(AutowiredAnnotationBeanPostProcessor.java:373) ~[spring-beans-5.0.7.RELEASE.jar:5.0.7.RELEASE]
	at org.springframework.beans.factory.support.AbstractAutowireCapableBeanFactory.populateBean(AbstractAutowireCapableBeanFactory.java:1350) ~[spring-beans-5.0.7.RELEASE.jar:5.0.7.RELEASE]
	at org.springframework.beans.factory.support.AbstractAutowireCapableBeanFactory.doCreateBean(AbstractAutowireCapableBeanFactory.java:580) ~[spring-beans-5.0.7.RELEASE.jar:5.0.7.RELEASE]
	at org.springframework.beans.factory.support.AbstractAutowireCapableBeanFactory.createBean(AbstractAutowireCapableBeanFactory.java:503) ~[spring-beans-5.0.7.RELEASE.jar:5.0.7.RELEASE]
	at org.springframework.beans.factory.support.AbstractBeanFactory.lambda$doGetBean$0(AbstractBeanFactory.java:317) ~[spring-beans-5.0.7.RELEASE.jar:5.0.7.RELEASE]
	at org.springframework.beans.factory.support.DefaultSingletonBeanRegistry.getSingleton(DefaultSingletonBeanRegistry.java:222) ~[spring-beans-5.0.7.RELEASE.jar:5.0.7.RELEASE]
	at org.springframework.beans.factory.support.AbstractBeanFactory.doGetBean(AbstractBeanFactory.java:315) ~[spring-beans-5.0.7.RELEASE.jar:5.0.7.RELEASE]
	at org.springframework.beans.factory.support.AbstractBeanFactory.getBean(AbstractBeanFactory.java:199) ~[spring-beans-5.0.7.RELEASE.jar:5.0.7.RELEASE]
	at org.springframework.beans.factory.config.DependencyDescriptor.resolveCandidate(DependencyDescriptor.java:251) ~[spring-beans-5.0.7.RELEASE.jar:5.0.7.RELEASE]
	at org.springframework.beans.factory.support.DefaultListableBeanFactory.doResolveDependency(DefaultListableBeanFactory.java:1138) ~[spring-beans-5.0.7.RELEASE.jar:5.0.7.RELEASE]
	at org.springframework.beans.factory.support.DefaultListableBeanFactory.resolveDependency(DefaultListableBeanFactory.java:1065) ~[spring-beans-5.0.7.RELEASE.jar:5.0.7.RELEASE]
	at org.springframework.beans.factory.annotation.AutowiredAnnotationBeanPostProcessor$AutowiredFieldElement.inject(AutowiredAnnotationBeanPostProcessor.java:584) ~[spring-beans-5.0.7.RELEASE.jar:5.0.7.RELEASE]
	... 45 common frames omitted
Caused by: org.springframework.beans.factory.NoSuchBeanDefinitionException: No qualifying bean of type 'org.springframework.http.HttpCookie' available: expected at least 1 bean which qualifies as autowire candidate. Dependency annotations: {@org.springframework.beans.factory.annotation.Autowired(required=true)}
	at org.springframework.beans.factory.support.DefaultListableBeanFactory.raiseNoMatchingBeanFound(DefaultListableBeanFactory.java:1509) ~[spring-beans-5.0.7.RELEASE.jar:5.0.7.RELEASE]
	at org.springframework.beans.factory.support.DefaultListableBeanFactory.doResolveDependency(DefaultListableBeanFactory.java:1104) ~[spring-beans-5.0.7.RELEASE.jar:5.0.7.RELEASE]
	at org.springframework.beans.factory.support.DefaultListableBeanFactory.resolveDependency(DefaultListableBeanFactory.java:1065) ~[spring-beans-5.0.7.RELEASE.jar:5.0.7.RELEASE]
	at org.springframework.beans.factory.annotation.AutowiredAnnotationBeanPostProcessor$AutowiredFieldElement.inject(AutowiredAnnotationBeanPostProcessor.java:584) ~[spring-beans-5.0.7.RELEASE.jar:5.0.7.RELEASE]
	... 58 common frames omitted

]]></system-out>
  </testcase>
</testsuite>